2023-06-10 00:05:05 [ main:4442 ] - [ ERROR ] Application run failed
java.lang.UnsatisfiedLinkError: /private/var/folders/h5/smfb_n655lx79wg9kq1knyj40000gn/T/jna-1649520810/jna2412782092304395494.tmp: dlopen(/private/var/folders/h5/smfb_n655lx79wg9kq1knyj40000gn/T/jna-1649520810/jna2412782092304395494.tmp, 0x0001): tried: '/private/var/folders/h5/smfb_n655lx79wg9kq1knyj40000gn/T/jna-1649520810/jna2412782092304395494.tmp' (fat file, but missing compatible architecture (have 'i386,x86_64', need 'arm64')), '/System/Volumes/Preboot/Cryptexes/OS/private/var/folders/h5/smfb_n655lx79wg9kq1knyj40000gn/T/jna-1649520810/jna2412782092304395494.tmp' (no such file), '/private/var/folders/h5/smfb_n655lx79wg9kq1knyj40000gn/T/jna-1649520810/jna2412782092304395494.tmp' (fat file, but missing compatible architecture (have 'i386,x86_64', need 'arm64'))
	at java.lang.ClassLoader$NativeLibrary.load(Native Method)
	at java.lang.ClassLoader.loadLibrary0(ClassLoader.java:1934)
	at java.lang.ClassLoader.loadLibrary(ClassLoader.java:1817)
	at java.lang.Runtime.load0(Runtime.java:782)
	at java.lang.System.load(System.java:1100)
	at com.sun.jna.Native.loadNativeDispatchLibraryFromClasspath(Native.java:851)
	at com.sun.jna.Native.loadNativeDispatchLibrary(Native.java:826)
	at com.sun.jna.Native.<clinit>(Native.java:140)
	at jtermios.macosx.JTermiosImpl.<clinit>(JTermiosImpl.java:55)
	at jtermios.JTermios.<clinit>(JTermios.java:317)
	at purejavacomm.CommPortIdentifier.getPortIdentifier(CommPortIdentifier.java:101)
	at com.ntdq.hnscreen.modbus.running.ModBusSerialClientStartServerImpl.startServer(ModBusSerialClientStartServerImpl.java:84)
	at java.util.ArrayList.forEach(ArrayList.java:1259)
	at com.ntdq.hnscreen.modbus.running.ModBusTcpRun.run(ModBusTcpRun.java:37)
	at org.springframework.boot.SpringApplication.callRunner(SpringApplication.java:759)
	at org.springframework.boot.SpringApplication.callRunners(SpringApplication.java:749)
	at org.springframework.boot.SpringApplication.run(SpringApplication.java:314)
	at org.springframework.boot.SpringApplication.run(SpringApplication.java:1303)
	at org.springframework.boot.SpringApplication.run(SpringApplication.java:1292)
	at com.ntdq.hnscreen.HnScreenApplication.main(HnScreenApplication.java:12)
