2023-06-11 20:19:42 [ main:13522 ] - [ ERROR ] Application run failed
org.springframework.beans.factory.UnsatisfiedDependencyException: Error creating bean with name 'pointMapping': Unsatisfied dependency expressed through method 'setRedisClient' parameter 0; nested exception is org.springframework.beans.factory.BeanCreationException: Error creating bean with name 'redisClient' defined in file [/Users/wangjinian/Downloads/JavaPro/hn-screen/target/classes/com/ntdq/hnscreen/redis/RedisClient.class]: Instantiation of bean failed; nested exception is org.springframework.beans.BeanInstantiationException: Failed to instantiate [com.ntdq.hnscreen.redis.RedisClient]: Constructor threw exception; nested exception is redis.clients.jedis.exceptions.JedisConnectionException: Could not get a resource from the pool
	at org.springframework.beans.factory.annotation.AutowiredAnnotationBeanPostProcessor$AutowiredMethodElement.resolveMethodArguments(AutowiredAnnotationBeanPostProcessor.java:768)
	at org.springframework.beans.factory.annotation.AutowiredAnnotationBeanPostProcessor$AutowiredMethodElement.inject(AutowiredAnnotationBeanPostProcessor.java:720)
	at org.springframework.beans.factory.annotation.InjectionMetadata.inject(InjectionMetadata.java:119)
	at org.springframework.beans.factory.annotation.AutowiredAnnotationBeanPostProcessor.postProcessProperties(AutowiredAnnotationBeanPostProcessor.java:399)
	at org.springframework.beans.factory.support.AbstractAutowireCapableBeanFactory.populateBean(AbstractAutowireCapableBeanFactory.java:1431)
	at org.springframework.beans.factory.support.AbstractAutowireCapableBeanFactory.doCreateBean(AbstractAutowireCapableBeanFactory.java:619)
	at org.springframework.beans.factory.support.AbstractAutowireCapableBeanFactory.createBean(AbstractAutowireCapableBeanFactory.java:542)
	at org.springframework.beans.factory.support.AbstractBeanFactory.lambda$doGetBean$0(AbstractBeanFactory.java:335)
	at org.springframework.beans.factory.support.DefaultSingletonBeanRegistry.getSingleton(DefaultSingletonBeanRegistry.java:234)
	at org.springframework.beans.factory.support.AbstractBeanFactory.doGetBean(AbstractBeanFactory.java:333)
	at org.springframework.beans.factory.support.AbstractBeanFactory.getBean(AbstractBeanFactory.java:208)
	at org.springframework.beans.factory.support.DefaultListableBeanFactory.preInstantiateSingletons(DefaultListableBeanFactory.java:955)
	at org.springframework.context.support.AbstractApplicationContext.finishBeanFactoryInitialization(AbstractApplicationContext.java:920)
	at org.springframework.context.support.AbstractApplicationContext.refresh(AbstractApplicationContext.java:583)
	at org.springframework.boot.web.servlet.context.ServletWebServerApplicationContext.refresh(ServletWebServerApplicationContext.java:147)
	at org.springframework.boot.SpringApplication.refresh(SpringApplication.java:731)
	at org.springframework.boot.SpringApplication.refreshContext(SpringApplication.java:408)
	at org.springframework.boot.SpringApplication.run(SpringApplication.java:307)
	at org.springframework.boot.SpringApplication.run(SpringApplication.java:1303)
	at org.springframework.boot.SpringApplication.run(SpringApplication.java:1292)
	at com.ntdq.hnscreen.HnScreenApplication.main(HnScreenApplication.java:12)
Caused by: org.springframework.beans.factory.BeanCreationException: Error creating bean with name 'redisClient' defined in file [/Users/wangjinian/Downloads/JavaPro/hn-screen/target/classes/com/ntdq/hnscreen/redis/RedisClient.class]: Instantiation of bean failed; nested exception is org.springframework.beans.BeanInstantiationException: Failed to instantiate [com.ntdq.hnscreen.redis.RedisClient]: Constructor threw exception; nested exception is redis.clients.jedis.exceptions.JedisConnectionException: Could not get a resource from the pool
	at org.springframework.beans.factory.support.AbstractAutowireCapableBeanFactory.instantiateBean(AbstractAutowireCapableBeanFactory.java:1334)
	at org.springframework.beans.factory.support.AbstractAutowireCapableBeanFactory.createBeanInstance(AbstractAutowireCapableBeanFactory.java:1232)
	at org.springframework.beans.factory.support.AbstractAutowireCapableBeanFactory.doCreateBean(AbstractAutowireCapableBeanFactory.java:582)
	at org.springframework.beans.factory.support.AbstractAutowireCapableBeanFactory.createBean(AbstractAutowireCapableBeanFactory.java:542)
	at org.springframework.beans.factory.support.AbstractBeanFactory.lambda$doGetBean$0(AbstractBeanFactory.java:335)
	at org.springframework.beans.factory.support.DefaultSingletonBeanRegistry.getSingleton(DefaultSingletonBeanRegistry.java:234)
	at org.springframework.beans.factory.support.AbstractBeanFactory.doGetBean(AbstractBeanFactory.java:333)
	at org.springframework.beans.factory.support.AbstractBeanFactory.getBean(AbstractBeanFactory.java:208)
	at org.springframework.beans.factory.config.DependencyDescriptor.resolveCandidate(DependencyDescriptor.java:276)
	at org.springframework.beans.factory.support.DefaultListableBeanFactory.doResolveDependency(DefaultListableBeanFactory.java:1391)
	at org.springframework.beans.factory.support.DefaultListableBeanFactory.resolveDependency(DefaultListableBeanFactory.java:1311)
	at org.springframework.beans.factory.annotation.AutowiredAnnotationBeanPostProcessor$AutowiredMethodElement.resolveMethodArguments(AutowiredAnnotationBeanPostProcessor.java:760)
	... 20 common frames omitted
Caused by: org.springframework.beans.BeanInstantiationException: Failed to instantiate [com.ntdq.hnscreen.redis.RedisClient]: Constructor threw exception; nested exception is redis.clients.jedis.exceptions.JedisConnectionException: Could not get a resource from the pool
	at org.springframework.beans.BeanUtils.instantiateClass(BeanUtils.java:224)
	at org.springframework.beans.factory.support.SimpleInstantiationStrategy.instantiate(SimpleInstantiationStrategy.java:87)
	at org.springframework.beans.factory.support.AbstractAutowireCapableBeanFactory.instantiateBean(AbstractAutowireCapableBeanFactory.java:1326)
	... 31 common frames omitted
Caused by: redis.clients.jedis.exceptions.JedisConnectionException: Could not get a resource from the pool
	at redis.clients.jedis.util.Pool.getResource(Pool.java:84)
	at redis.clients.jedis.JedisPool.getResource(JedisPool.java:370)
	at com.ntdq.hnscreen.redis.RedisClient.<init>(RedisClient.java:23)
	at sun.reflect.NativeConstructorAccessorImpl.newInstance0(Native Method)
	at sun.reflect.NativeConstructorAccessorImpl.newInstance(NativeConstructorAccessorImpl.java:62)
	at sun.reflect.DelegatingConstructorAccessorImpl.newInstance(DelegatingConstructorAccessorImpl.java:45)
	at java.lang.reflect.Constructor.newInstance(Constructor.java:423)
	at org.springframework.beans.BeanUtils.instantiateClass(BeanUtils.java:211)
	... 33 common frames omitted
Caused by: redis.clients.jedis.exceptions.JedisConnectionException: Failed to create socket.
	at redis.clients.jedis.DefaultJedisSocketFactory.createSocket(DefaultJedisSocketFactory.java:110)
	at redis.clients.jedis.Connection.connect(Connection.java:226)
	at redis.clients.jedis.BinaryClient.connect(BinaryClient.java:135)
	at redis.clients.jedis.BinaryJedis.connect(BinaryJedis.java:309)
	at redis.clients.jedis.BinaryJedis.initializeFromClientConfig(BinaryJedis.java:87)
	at redis.clients.jedis.BinaryJedis.<init>(BinaryJedis.java:292)
	at redis.clients.jedis.Jedis.<init>(Jedis.java:167)
	at redis.clients.jedis.JedisFactory.makeObject(JedisFactory.java:177)
	at org.apache.commons.pool2.impl.GenericObjectPool.create(GenericObjectPool.java:571)
	at org.apache.commons.pool2.impl.GenericObjectPool.borrowObject(GenericObjectPool.java:298)
	at org.apache.commons.pool2.impl.GenericObjectPool.borrowObject(GenericObjectPool.java:223)
	at redis.clients.jedis.util.Pool.getResource(Pool.java:75)
	... 40 common frames omitted
Caused by: java.net.ConnectException: Connection refused (Connection refused)
	at java.net.PlainSocketImpl.socketConnect(Native Method)
	at java.net.AbstractPlainSocketImpl.doConnect(AbstractPlainSocketImpl.java:350)
	at java.net.AbstractPlainSocketImpl.connectToAddress(AbstractPlainSocketImpl.java:206)
	at java.net.AbstractPlainSocketImpl.connect(AbstractPlainSocketImpl.java:188)
	at java.net.SocksSocketImpl.connect(SocksSocketImpl.java:392)
	at java.net.Socket.connect(Socket.java:607)
	at redis.clients.jedis.DefaultJedisSocketFactory.createSocket(DefaultJedisSocketFactory.java:80)
	... 51 common frames omitted
2023-06-11 20:20:24 [ main:1236 ] - [ ERROR ] Application run failed
org.springframework.beans.factory.BeanCreationException: Error creating bean with name 'powerStationConfig' defined in file [/Users/wangjinian/Downloads/JavaPro/hn-screen/target/classes/com/ntdq/hnscreen/udp/config/PowerStationConfig.class]: Invocation of init method failed; nested exception is java.lang.NumberFormatException: null
	at org.springframework.beans.factory.support.AbstractAutowireCapableBeanFactory.initializeBean(AbstractAutowireCapableBeanFactory.java:1804)
	at org.springframework.beans.factory.support.AbstractAutowireCapableBeanFactory.doCreateBean(AbstractAutowireCapableBeanFactory.java:620)
	at org.springframework.beans.factory.support.AbstractAutowireCapableBeanFactory.createBean(AbstractAutowireCapableBeanFactory.java:542)
	at org.springframework.beans.factory.support.AbstractBeanFactory.lambda$doGetBean$0(AbstractBeanFactory.java:335)
	at org.springframework.beans.factory.support.DefaultSingletonBeanRegistry.getSingleton(DefaultSingletonBeanRegistry.java:234)
	at org.springframework.beans.factory.support.AbstractBeanFactory.doGetBean(AbstractBeanFactory.java:333)
	at org.springframework.beans.factory.support.AbstractBeanFactory.getBean(AbstractBeanFactory.java:208)
	at org.springframework.beans.factory.support.DefaultListableBeanFactory.preInstantiateSingletons(DefaultListableBeanFactory.java:955)
	at org.springframework.context.support.AbstractApplicationContext.finishBeanFactoryInitialization(AbstractApplicationContext.java:920)
	at org.springframework.context.support.AbstractApplicationContext.refresh(AbstractApplicationContext.java:583)
	at org.springframework.boot.web.servlet.context.ServletWebServerApplicationContext.refresh(ServletWebServerApplicationContext.java:147)
	at org.springframework.boot.SpringApplication.refresh(SpringApplication.java:731)
	at org.springframework.boot.SpringApplication.refreshContext(SpringApplication.java:408)
	at org.springframework.boot.SpringApplication.run(SpringApplication.java:307)
	at org.springframework.boot.SpringApplication.run(SpringApplication.java:1303)
	at org.springframework.boot.SpringApplication.run(SpringApplication.java:1292)
	at com.ntdq.hnscreen.HnScreenApplication.main(HnScreenApplication.java:12)
Caused by: java.lang.NumberFormatException: null
	at java.lang.Integer.parseInt(Integer.java:542)
	at java.lang.Integer.valueOf(Integer.java:766)
	at com.ntdq.hnscreen.udp.config.PowerStationConfig.initUdpPowerStationServiceConfig(PowerStationConfig.java:51)
	at com.ntdq.hnscreen.udp.config.PowerStationConfig.afterPropertiesSet(PowerStationConfig.java:65)
	at org.springframework.beans.factory.support.AbstractAutowireCapableBeanFactory.invokeInitMethods(AbstractAutowireCapableBeanFactory.java:1863)
	at org.springframework.beans.factory.support.AbstractAutowireCapableBeanFactory.initializeBean(AbstractAutowireCapableBeanFactory.java:1800)
	... 16 common frames omitted
2023-06-11 20:21:07 [ main:23654 ] - [ ERROR ] Application run failed
org.springframework.beans.factory.BeanCreationException: Error creating bean with name 'powerStationConfig' defined in file [/Users/wangjinian/Downloads/JavaPro/hn-screen/target/classes/com/ntdq/hnscreen/udp/config/PowerStationConfig.class]: Invocation of init method failed; nested exception is java.lang.NumberFormatException: null
	at org.springframework.beans.factory.support.AbstractAutowireCapableBeanFactory.initializeBean(AbstractAutowireCapableBeanFactory.java:1804)
	at org.springframework.beans.factory.support.AbstractAutowireCapableBeanFactory.doCreateBean(AbstractAutowireCapableBeanFactory.java:620)
	at org.springframework.beans.factory.support.AbstractAutowireCapableBeanFactory.createBean(AbstractAutowireCapableBeanFactory.java:542)
	at org.springframework.beans.factory.support.AbstractBeanFactory.lambda$doGetBean$0(AbstractBeanFactory.java:335)
	at org.springframework.beans.factory.support.DefaultSingletonBeanRegistry.getSingleton(DefaultSingletonBeanRegistry.java:234)
	at org.springframework.beans.factory.support.AbstractBeanFactory.doGetBean(AbstractBeanFactory.java:333)
	at org.springframework.beans.factory.support.AbstractBeanFactory.getBean(AbstractBeanFactory.java:208)
	at org.springframework.beans.factory.support.DefaultListableBeanFactory.preInstantiateSingletons(DefaultListableBeanFactory.java:955)
	at org.springframework.context.support.AbstractApplicationContext.finishBeanFactoryInitialization(AbstractApplicationContext.java:920)
	at org.springframework.context.support.AbstractApplicationContext.refresh(AbstractApplicationContext.java:583)
	at org.springframework.boot.web.servlet.context.ServletWebServerApplicationContext.refresh(ServletWebServerApplicationContext.java:147)
	at org.springframework.boot.SpringApplication.refresh(SpringApplication.java:731)
	at org.springframework.boot.SpringApplication.refreshContext(SpringApplication.java:408)
	at org.springframework.boot.SpringApplication.run(SpringApplication.java:307)
	at org.springframework.boot.SpringApplication.run(SpringApplication.java:1303)
	at org.springframework.boot.SpringApplication.run(SpringApplication.java:1292)
	at com.ntdq.hnscreen.HnScreenApplication.main(HnScreenApplication.java:12)
Caused by: java.lang.NumberFormatException: null
	at java.lang.Integer.parseInt(Integer.java:542)
	at java.lang.Integer.valueOf(Integer.java:766)
	at com.ntdq.hnscreen.udp.config.PowerStationConfig.initUdpPowerStationServiceConfig(PowerStationConfig.java:51)
	at com.ntdq.hnscreen.udp.config.PowerStationConfig.afterPropertiesSet(PowerStationConfig.java:65)
	at org.springframework.beans.factory.support.AbstractAutowireCapableBeanFactory.invokeInitMethods(AbstractAutowireCapableBeanFactory.java:1863)
	at org.springframework.beans.factory.support.AbstractAutowireCapableBeanFactory.initializeBean(AbstractAutowireCapableBeanFactory.java:1800)
	... 16 common frames omitted
2023-06-11 20:46:00 [ main:11839 ] - [ ERROR ] Application run failed
java.lang.UnsatisfiedLinkError: /private/var/folders/h5/smfb_n655lx79wg9kq1knyj40000gn/T/jna-1649520810/jna1607192762451499928.tmp: dlopen(/private/var/folders/h5/smfb_n655lx79wg9kq1knyj40000gn/T/jna-1649520810/jna1607192762451499928.tmp, 0x0001): tried: '/private/var/folders/h5/smfb_n655lx79wg9kq1knyj40000gn/T/jna-1649520810/jna1607192762451499928.tmp' (fat file, but missing compatible architecture (have 'i386,x86_64', need 'arm64')), '/System/Volumes/Preboot/Cryptexes/OS/private/var/folders/h5/smfb_n655lx79wg9kq1knyj40000gn/T/jna-1649520810/jna1607192762451499928.tmp' (no such file), '/private/var/folders/h5/smfb_n655lx79wg9kq1knyj40000gn/T/jna-1649520810/jna1607192762451499928.tmp' (fat file, but missing compatible architecture (have 'i386,x86_64', need 'arm64'))
	at java.lang.ClassLoader$NativeLibrary.load(Native Method)
	at java.lang.ClassLoader.loadLibrary0(ClassLoader.java:1934)
	at java.lang.ClassLoader.loadLibrary(ClassLoader.java:1817)
	at java.lang.Runtime.load0(Runtime.java:782)
	at java.lang.System.load(System.java:1100)
	at com.sun.jna.Native.loadNativeDispatchLibraryFromClasspath(Native.java:851)
	at com.sun.jna.Native.loadNativeDispatchLibrary(Native.java:826)
	at com.sun.jna.Native.<clinit>(Native.java:140)
	at jtermios.macosx.JTermiosImpl.<clinit>(JTermiosImpl.java:55)
	at jtermios.JTermios.<clinit>(JTermios.java:317)
	at purejavacomm.CommPortIdentifier.getPortIdentifier(CommPortIdentifier.java:101)
	at com.ntdq.hnscreen.modbus.running.ModBusSerialClientStartServerImpl.startServer(ModBusSerialClientStartServerImpl.java:84)
	at java.util.ArrayList.forEach(ArrayList.java:1259)
	at com.ntdq.hnscreen.modbus.running.ModBusTcpRun.run(ModBusTcpRun.java:37)
	at org.springframework.boot.SpringApplication.callRunner(SpringApplication.java:759)
	at org.springframework.boot.SpringApplication.callRunners(SpringApplication.java:749)
	at org.springframework.boot.SpringApplication.run(SpringApplication.java:314)
	at org.springframework.boot.SpringApplication.run(SpringApplication.java:1303)
	at org.springframework.boot.SpringApplication.run(SpringApplication.java:1292)
	at com.ntdq.hnscreen.HnScreenApplication.main(HnScreenApplication.java:12)
