2023-06-13 23:10:53 [ main:323 ] - [ INFO ] Starting HnScreenApplication using Java 1.8.0_362 on wangjiniandeMacBook-Pro.local with PID 13115 (/Users/wangjinian/Downloads/JavaPro/hn-screen/target/classes started by wangjinian in /Users/wangjinian/Downloads/JavaPro/hn-screen)
2023-06-13 23:10:53 [ main:324 ] - [ INFO ] The following 1 profile is active: "local"
2023-06-13 23:10:53 [ main:673 ] - [ INFO ] No bean named 'errorChannel' has been explicitly defined. Therefore, a default PublishSubscribeChannel will be created.
2023-06-13 23:10:53 [ main:680 ] - [ INFO ] No bean named 'integrationHeaderChannelRegistry' has been explicitly defined. Therefore, a default DefaultHeaderChannelRegistry will be created.
2023-06-13 23:10:54 [ main:868 ] - [ INFO ] Tomcat initialized with port(s): 9090 (http)
2023-06-13 23:10:54 [ main:873 ] - [ INFO ] Initializing ProtocolHandler ["http-nio-127.0.0.1-9090"]
2023-06-13 23:10:54 [ main:873 ] - [ INFO ] Starting service [Tomcat]
2023-06-13 23:10:54 [ main:874 ] - [ INFO ] Starting Servlet engine: [Apache Tomcat/9.0.76]
2023-06-13 23:10:54 [ main:927 ] - [ INFO ] Initializing Spring embedded WebApplicationContext
2023-06-13 23:10:54 [ main:927 ] - [ INFO ] Root WebApplicationContext: initialization completed in 577 ms
2023-06-13 23:10:54 [ main:1130 ] - [ INFO ] 读取配置文件,初始化Redis连接池参数
2023-06-13 23:10:54 [ main:1148 ] - [ WARN ] Exception encountered during context initialization - cancelling refresh attempt: org.springframework.beans.factory.UnsatisfiedDependencyException: Error creating bean with name 'pointMapping': Unsatisfied dependency expressed through method 'setRedisClient' parameter 0; nested exception is org.springframework.beans.factory.BeanCreationException: Error creating bean with name 'redisClient' defined in file [/Users/wangjinian/Downloads/JavaPro/hn-screen/target/classes/com/ntdq/hnscreen/redis/RedisClient.class]: Instantiation of bean failed; nested exception is org.springframework.beans.BeanInstantiationException: Failed to instantiate [com.ntdq.hnscreen.redis.RedisClient]: Constructor threw exception; nested exception is redis.clients.jedis.exceptions.JedisConnectionException: Could not get a resource from the pool
2023-06-13 23:10:54 [ main:1148 ] - [ INFO ] {dataSource-0} closing ...
2023-06-13 23:10:54 [ main:1150 ] - [ INFO ] Stopping service [Tomcat]
2023-06-13 23:10:54 [ main:1159 ] - [ INFO ] 

Error starting ApplicationContext. To display the conditions report re-run your application with 'debug' enabled.
2023-06-13 23:11:19 [ main:266 ] - [ INFO ] Starting HnScreenApplication using Java 1.8.0_362 on wangjiniandeMacBook-Pro.local with PID 13149 (/Users/wangjinian/Downloads/JavaPro/hn-screen/target/classes started by wangjinian in /Users/wangjinian/Downloads/JavaPro/hn-screen)
2023-06-13 23:11:19 [ main:267 ] - [ INFO ] The following 1 profile is active: "local"
2023-06-13 23:11:19 [ main:575 ] - [ INFO ] No bean named 'errorChannel' has been explicitly defined. Therefore, a default PublishSubscribeChannel will be created.
2023-06-13 23:11:19 [ main:580 ] - [ INFO ] No bean named 'integrationHeaderChannelRegistry' has been explicitly defined. Therefore, a default DefaultHeaderChannelRegistry will be created.
2023-06-13 23:11:19 [ main:751 ] - [ INFO ] Tomcat initialized with port(s): 9090 (http)
2023-06-13 23:11:19 [ main:753 ] - [ INFO ] Initializing ProtocolHandler ["http-nio-127.0.0.1-9090"]
2023-06-13 23:11:19 [ main:754 ] - [ INFO ] Starting service [Tomcat]
2023-06-13 23:11:19 [ main:754 ] - [ INFO ] Starting Servlet engine: [Apache Tomcat/9.0.76]
2023-06-13 23:11:19 [ main:798 ] - [ INFO ] Initializing Spring embedded WebApplicationContext
2023-06-13 23:11:19 [ main:798 ] - [ INFO ] Root WebApplicationContext: initialization completed in 509 ms
2023-06-13 23:11:20 [ main:960 ] - [ INFO ] 读取配置文件,初始化Redis连接池参数
2023-06-13 23:11:20 [ main:978 ] - [ INFO ] 读取配置文件,初始化所有ModBus客户端和服务端
2023-06-13 23:11:20 [ main:978 ] - [ INFO ] 读取配置文件,初始化所有ModBus串口
2023-06-13 23:11:20 [ main:1020 ] - [ INFO ] 读取配置文件,初始化所有充电桩服务端
2023-06-13 23:11:20 [ main:1241 ] - [ INFO ] Adding {logging-channel-adapter:_org.springframework.integration.errorLogger} as a subscriber to the 'errorChannel' channel
2023-06-13 23:11:20 [ main:1241 ] - [ INFO ] Channel 'application.errorChannel' has 1 subscriber(s).
2023-06-13 23:11:20 [ main:1241 ] - [ INFO ] started bean '_org.springframework.integration.errorLogger'
2023-06-13 23:11:20 [ main:1241 ] - [ INFO ] Starting ProtocolHandler ["http-nio-127.0.0.1-9090"]
2023-06-13 23:11:20 [ main:1251 ] - [ INFO ] Tomcat started on port(s): 9090 (http) with context path ''
2023-06-13 23:11:20 [ main:1258 ] - [ INFO ] Started HnScreenApplication in 1.194 seconds (JVM running for 1.446)
2023-06-13 23:11:20 [ main:1293 ] - [ INFO ] MQTT服务已启动 端口为:8088
2023-06-13 23:11:20 [ nioEventLoopGroup-4-1:1636 ] - [ INFO ] MQTT接收到的发送类型===>CONNECT
2023-06-13 23:11:20 [ main:1640 ] - [ INFO ] 成功开启MQTT服务...
2023-06-13 23:11:20 [ nioEventLoopGroup-4-1:1644 ] - [ INFO ] MQTT接收到的发送类型===>SUBSCRIBE
2023-06-13 23:11:20 [ nioEventLoopGroup-4-1:1644 ] - [ INFO ] 客户端92e905b2订阅主题ntdq成功!
2023-06-13 23:11:34 [ SpringApplicationShutdownHook:15772 ] - [ INFO ] Removing {logging-channel-adapter:_org.springframework.integration.errorLogger} as a subscriber to the 'errorChannel' channel
2023-06-13 23:11:34 [ SpringApplicationShutdownHook:15772 ] - [ INFO ] Channel 'application.errorChannel' has 0 subscriber(s).
2023-06-13 23:11:34 [ SpringApplicationShutdownHook:15772 ] - [ INFO ] stopped bean '_org.springframework.integration.errorLogger'
2023-06-13 23:11:34 [ SpringApplicationShutdownHook:15773 ] - [ INFO ] {dataSource-0} closing ...
