2023-06-19 21:45:15 [ main:375 ] - [ INFO ] Starting HnScreenApplication using Java 1.8.0_362 on wangjiniandeMacBook-Pro.local with PID 8275 (/Users/wangjinian/Downloads/JavaPro/hn-screen/target/classes started by wangjinian in /Users/wangjinian/Downloads/JavaPro/hn-screen)
2023-06-19 21:45:15 [ main:376 ] - [ INFO ] The following 1 profile is active: "local"
2023-06-19 21:45:15 [ main:727 ] - [ INFO ] No bean named 'errorChannel' has been explicitly defined. Therefore, a default PublishSubscribeChannel will be created.
2023-06-19 21:45:15 [ main:734 ] - [ INFO ] No bean named 'integrationHeaderChannelRegistry' has been explicitly defined. Therefore, a default DefaultHeaderChannelRegistry will be created.
2023-06-19 21:45:16 [ main:935 ] - [ INFO ] Tomcat initialized with port(s): 9090 (http)
2023-06-19 21:45:16 [ main:940 ] - [ INFO ] Initializing ProtocolHandler ["http-nio-127.0.0.1-9090"]
2023-06-19 21:45:16 [ main:941 ] - [ INFO ] Starting service [Tomcat]
2023-06-19 21:45:16 [ main:941 ] - [ INFO ] Starting Servlet engine: [Apache Tomcat/9.0.76]
2023-06-19 21:45:16 [ main:994 ] - [ INFO ] Initializing Spring embedded WebApplicationContext
2023-06-19 21:45:16 [ main:994 ] - [ INFO ] Root WebApplicationContext: initialization completed in 594 ms
2023-06-19 21:45:16 [ main:1206 ] - [ INFO ] 读取配置文件,初始化Redis连接池参数
2023-06-19 21:45:16 [ main:1224 ] - [ WARN ] Exception encountered during context initialization - cancelling refresh attempt: org.springframework.beans.factory.UnsatisfiedDependencyException: Error creating bean with name 'pointMapping': Unsatisfied dependency expressed through method 'setRedisClient' parameter 0; nested exception is org.springframework.beans.factory.BeanCreationException: Error creating bean with name 'redisClient' defined in file [/Users/wangjinian/Downloads/JavaPro/hn-screen/target/classes/com/ntdq/hnscreen/redis/RedisClient.class]: Instantiation of bean failed; nested exception is org.springframework.beans.BeanInstantiationException: Failed to instantiate [com.ntdq.hnscreen.redis.RedisClient]: Constructor threw exception; nested exception is redis.clients.jedis.exceptions.JedisConnectionException: Could not get a resource from the pool
2023-06-19 21:45:16 [ main:1224 ] - [ INFO ] {dataSource-0} closing ...
2023-06-19 21:45:16 [ main:1226 ] - [ INFO ] Stopping service [Tomcat]
2023-06-19 21:45:16 [ main:1236 ] - [ INFO ] 

Error starting ApplicationContext. To display the conditions report re-run your application with 'debug' enabled.
2023-06-19 21:45:42 [ main:306 ] - [ INFO ] Starting HnScreenApplication using Java 1.8.0_362 on wangjiniandeMacBook-Pro.local with PID 8309 (/Users/wangjinian/Downloads/JavaPro/hn-screen/target/classes started by wangjinian in /Users/wangjinian/Downloads/JavaPro/hn-screen)
2023-06-19 21:45:42 [ main:308 ] - [ INFO ] The following 1 profile is active: "local"
2023-06-19 21:45:42 [ main:705 ] - [ INFO ] No bean named 'errorChannel' has been explicitly defined. Therefore, a default PublishSubscribeChannel will be created.
2023-06-19 21:45:42 [ main:713 ] - [ INFO ] No bean named 'integrationHeaderChannelRegistry' has been explicitly defined. Therefore, a default DefaultHeaderChannelRegistry will be created.
2023-06-19 21:45:42 [ main:914 ] - [ INFO ] Tomcat initialized with port(s): 9090 (http)
2023-06-19 21:45:42 [ main:918 ] - [ INFO ] Initializing ProtocolHandler ["http-nio-127.0.0.1-9090"]
2023-06-19 21:45:42 [ main:919 ] - [ INFO ] Starting service [Tomcat]
2023-06-19 21:45:42 [ main:919 ] - [ INFO ] Starting Servlet engine: [Apache Tomcat/9.0.76]
2023-06-19 21:45:42 [ main:964 ] - [ INFO ] Initializing Spring embedded WebApplicationContext
2023-06-19 21:45:42 [ main:964 ] - [ INFO ] Root WebApplicationContext: initialization completed in 630 ms
2023-06-19 21:45:43 [ main:1153 ] - [ INFO ] 读取配置文件,初始化Redis连接池参数
2023-06-19 21:45:43 [ main:1172 ] - [ INFO ] 读取配置文件,初始化所有ModBus客户端和服务端
2023-06-19 21:45:43 [ main:1172 ] - [ INFO ] 读取配置文件,初始化所有ModBus串口
2023-06-19 21:45:43 [ main:1214 ] - [ INFO ] 读取配置文件,初始化所有充电桩服务端
2023-06-19 21:45:43 [ main:1445 ] - [ INFO ] Adding {logging-channel-adapter:_org.springframework.integration.errorLogger} as a subscriber to the 'errorChannel' channel
2023-06-19 21:45:43 [ main:1446 ] - [ INFO ] Channel 'application.errorChannel' has 1 subscriber(s).
2023-06-19 21:45:43 [ main:1446 ] - [ INFO ] started bean '_org.springframework.integration.errorLogger'
2023-06-19 21:45:43 [ main:1446 ] - [ INFO ] Starting ProtocolHandler ["http-nio-127.0.0.1-9090"]
2023-06-19 21:45:43 [ main:1458 ] - [ INFO ] Tomcat started on port(s): 9090 (http) with context path ''
2023-06-19 21:45:43 [ main:1464 ] - [ INFO ] Started HnScreenApplication in 1.385 seconds (JVM running for 1.694)
2023-06-19 21:45:43 [ main:1506 ] - [ INFO ] MQTT服务已启动 端口为:8088
2023-06-19 21:45:55 [ SpringApplicationShutdownHook:13947 ] - [ INFO ] Removing {logging-channel-adapter:_org.springframework.integration.errorLogger} as a subscriber to the 'errorChannel' channel
2023-06-19 21:45:55 [ SpringApplicationShutdownHook:13948 ] - [ INFO ] Channel 'application.errorChannel' has 0 subscriber(s).
2023-06-19 21:45:55 [ SpringApplicationShutdownHook:13948 ] - [ INFO ] stopped bean '_org.springframework.integration.errorLogger'
2023-06-19 21:45:55 [ SpringApplicationShutdownHook:13949 ] - [ INFO ] {dataSource-0} closing ...
