2023-06-09 09:58:36 [ main:319 ] - [ INFO ] Starting HnScreenApplication using Java 1.8.0_362 on wangjiniandeMacBook-Pro.local with PID 1620 (/Users/wangjinian/Downloads/JavaPro/hn-screen/target/classes started by wangjinian in /Users/wangjinian/Downloads/JavaPro/hn-screen)
2023-06-09 09:58:36 [ main:321 ] - [ INFO ] The following 1 profile is active: "local"
2023-06-09 09:58:37 [ main:858 ] - [ INFO ] Tomcat initialized with port(s): 9090 (http)
2023-06-09 09:58:37 [ main:862 ] - [ INFO ] Initializing ProtocolHandler ["http-nio-127.0.0.1-9090"]
2023-06-09 09:58:37 [ main:863 ] - [ INFO ] Starting service [Tomcat]
2023-06-09 09:58:37 [ main:863 ] - [ INFO ] Starting Servlet engine: [Apache Tomcat/9.0.75]
2023-06-09 09:58:37 [ main:907 ] - [ INFO ] Initializing Spring embedded WebApplicationContext
2023-06-09 09:58:37 [ main:907 ] - [ INFO ] Root WebApplicationContext: initialization completed in 562 ms
2023-06-09 09:58:37 [ main:1137 ] - [ INFO ] 读取配置文件,初始化Redis连接池参数
2023-06-09 09:58:54 [ main:18134 ] - [ INFO ] {dataSource-1} inited
2023-06-09 10:00:00 [ main:311 ] - [ INFO ] Starting HnScreenApplication using Java 1.8.0_362 on wangjiniandeMacBook-Pro.local with PID 1647 (/Users/wangjinian/Downloads/JavaPro/hn-screen/target/classes started by wangjinian in /Users/wangjinian/Downloads/JavaPro/hn-screen)
2023-06-09 10:00:00 [ main:313 ] - [ INFO ] The following 1 profile is active: "local"
2023-06-09 10:00:01 [ main:798 ] - [ INFO ] Tomcat initialized with port(s): 9090 (http)
2023-06-09 10:00:01 [ main:801 ] - [ INFO ] Initializing ProtocolHandler ["http-nio-127.0.0.1-9090"]
2023-06-09 10:00:01 [ main:802 ] - [ INFO ] Starting service [Tomcat]
2023-06-09 10:00:01 [ main:802 ] - [ INFO ] Starting Servlet engine: [Apache Tomcat/9.0.75]
2023-06-09 10:00:01 [ main:843 ] - [ INFO ] Initializing Spring embedded WebApplicationContext
2023-06-09 10:00:01 [ main:843 ] - [ INFO ] Root WebApplicationContext: initialization completed in 508 ms
2023-06-09 10:00:01 [ main:1059 ] - [ INFO ] 读取配置文件,初始化Redis连接池参数
2023-06-09 10:00:04 [ main:3548 ] - [ INFO ] 读取配置文件,初始化所有ModBus客户端和服务端
2023-06-09 10:00:04 [ main:4184 ] - [ WARN ] Exception encountered during context initialization - cancelling refresh attempt: org.springframework.beans.factory.UnsatisfiedDependencyException: Error creating bean with name 'modBusTcpRun': Unsatisfied dependency expressed through method 'setModBusTcpServerStartServer' parameter 0; nested exception is org.springframework.beans.factory.BeanCreationException: Error creating bean with name 'modBusTcpServerStartServerImpl' defined in file [/Users/wangjinian/Downloads/JavaPro/hn-screen/target/classes/com/ntdq/hnscreen/modbus/running/ModBusTcpServerStartServerImpl.class]: Invocation of init method failed; nested exception is java.lang.IllegalArgumentException
2023-06-09 10:00:04 [ main:4184 ] - [ INFO ] {dataSource-0} closing ...
2023-06-09 10:00:04 [ main:4186 ] - [ INFO ] Stopping service [Tomcat]
2023-06-09 10:00:04 [ main:4199 ] - [ INFO ] 

Error starting ApplicationContext. To display the conditions report re-run your application with 'debug' enabled.
2023-06-09 10:00:44 [ main:339 ] - [ INFO ] Starting HnScreenApplication using Java 1.8.0_362 on wangjiniandeMacBook-Pro.local with PID 1657 (/Users/wangjinian/Downloads/JavaPro/hn-screen/target/classes started by wangjinian in /Users/wangjinian/Downloads/JavaPro/hn-screen)
2023-06-09 10:00:44 [ main:340 ] - [ INFO ] The following 1 profile is active: "local"
2023-06-09 10:00:44 [ main:828 ] - [ INFO ] Tomcat initialized with port(s): 9090 (http)
2023-06-09 10:00:44 [ main:832 ] - [ INFO ] Initializing ProtocolHandler ["http-nio-127.0.0.1-9090"]
2023-06-09 10:00:44 [ main:832 ] - [ INFO ] Starting service [Tomcat]
2023-06-09 10:00:44 [ main:832 ] - [ INFO ] Starting Servlet engine: [Apache Tomcat/9.0.75]
2023-06-09 10:00:44 [ main:874 ] - [ INFO ] Initializing Spring embedded WebApplicationContext
2023-06-09 10:00:44 [ main:874 ] - [ INFO ] Root WebApplicationContext: initialization completed in 508 ms
2023-06-09 10:00:44 [ main:1087 ] - [ INFO ] 读取配置文件,初始化Redis连接池参数
2023-06-09 10:00:46 [ main:2764 ] - [ INFO ] 读取配置文件,初始化所有ModBus客户端和服务端
2023-06-09 10:01:11 [ main:27962 ] - [ WARN ] Exception encountered during context initialization - cancelling refresh attempt: org.springframework.beans.factory.UnsatisfiedDependencyException: Error creating bean with name 'modBusTcpRun': Unsatisfied dependency expressed through method 'setModBusTcpServerStartServer' parameter 0; nested exception is org.springframework.beans.factory.BeanCreationException: Error creating bean with name 'modBusTcpServerStartServerImpl' defined in file [/Users/wangjinian/Downloads/JavaPro/hn-screen/target/classes/com/ntdq/hnscreen/modbus/running/ModBusTcpServerStartServerImpl.class]: Invocation of init method failed; nested exception is java.lang.IllegalArgumentException
2023-06-09 10:01:11 [ main:27962 ] - [ INFO ] {dataSource-0} closing ...
2023-06-09 10:01:11 [ main:27964 ] - [ INFO ] Stopping service [Tomcat]
2023-06-09 10:01:11 [ main:27976 ] - [ INFO ] 

Error starting ApplicationContext. To display the conditions report re-run your application with 'debug' enabled.
2023-06-09 10:01:13 [ main:351 ] - [ INFO ] Starting HnScreenApplication using Java 1.8.0_362 on wangjiniandeMacBook-Pro.local with PID 1665 (/Users/wangjinian/Downloads/JavaPro/hn-screen/target/classes started by wangjinian in /Users/wangjinian/Downloads/JavaPro/hn-screen)
2023-06-09 10:01:13 [ main:352 ] - [ INFO ] The following 1 profile is active: "local"
2023-06-09 10:01:14 [ main:871 ] - [ INFO ] Tomcat initialized with port(s): 9090 (http)
2023-06-09 10:01:14 [ main:875 ] - [ INFO ] Initializing ProtocolHandler ["http-nio-127.0.0.1-9090"]
2023-06-09 10:01:14 [ main:876 ] - [ INFO ] Starting service [Tomcat]
2023-06-09 10:01:14 [ main:876 ] - [ INFO ] Starting Servlet engine: [Apache Tomcat/9.0.75]
2023-06-09 10:01:14 [ main:918 ] - [ INFO ] Initializing Spring embedded WebApplicationContext
2023-06-09 10:01:14 [ main:918 ] - [ INFO ] Root WebApplicationContext: initialization completed in 541 ms
2023-06-09 10:01:14 [ main:1131 ] - [ INFO ] 读取配置文件,初始化Redis连接池参数
2023-06-09 10:02:13 [ main:59964 ] - [ INFO ] 读取配置文件,初始化所有ModBus客户端和服务端
2023-06-09 10:02:35 [ main:82067 ] - [ WARN ] Exception encountered during context initialization - cancelling refresh attempt: org.springframework.beans.factory.UnsatisfiedDependencyException: Error creating bean with name 'modBusTcpRun': Unsatisfied dependency expressed through method 'setModBusTcpServerStartServer' parameter 0; nested exception is org.springframework.beans.factory.BeanCreationException: Error creating bean with name 'modBusTcpServerStartServerImpl' defined in file [/Users/wangjinian/Downloads/JavaPro/hn-screen/target/classes/com/ntdq/hnscreen/modbus/running/ModBusTcpServerStartServerImpl.class]: Invocation of init method failed; nested exception is java.lang.IllegalArgumentException
2023-06-09 10:02:35 [ main:82067 ] - [ INFO ] {dataSource-0} closing ...
2023-06-09 10:02:35 [ main:82069 ] - [ INFO ] Stopping service [Tomcat]
2023-06-09 10:02:35 [ main:82082 ] - [ INFO ] 

Error starting ApplicationContext. To display the conditions report re-run your application with 'debug' enabled.
2023-06-09 10:02:37 [ main:308 ] - [ INFO ] Starting HnScreenApplication using Java 1.8.0_362 on wangjiniandeMacBook-Pro.local with PID 1680 (/Users/wangjinian/Downloads/JavaPro/hn-screen/target/classes started by wangjinian in /Users/wangjinian/Downloads/JavaPro/hn-screen)
2023-06-09 10:02:37 [ main:309 ] - [ INFO ] The following 1 profile is active: "local"
2023-06-09 10:02:38 [ main:781 ] - [ INFO ] Tomcat initialized with port(s): 9090 (http)
2023-06-09 10:02:38 [ main:784 ] - [ INFO ] Initializing ProtocolHandler ["http-nio-127.0.0.1-9090"]
2023-06-09 10:02:38 [ main:784 ] - [ INFO ] Starting service [Tomcat]
2023-06-09 10:02:38 [ main:785 ] - [ INFO ] Starting Servlet engine: [Apache Tomcat/9.0.75]
2023-06-09 10:02:38 [ main:822 ] - [ INFO ] Initializing Spring embedded WebApplicationContext
2023-06-09 10:02:38 [ main:822 ] - [ INFO ] Root WebApplicationContext: initialization completed in 488 ms
2023-06-09 10:02:38 [ main:1020 ] - [ INFO ] 读取配置文件,初始化Redis连接池参数
2023-06-09 10:02:39 [ main:2563 ] - [ INFO ] 读取配置文件,初始化所有ModBus客户端和服务端
2023-06-09 10:02:41 [ main:4132 ] - [ INFO ] Starting ProtocolHandler ["http-nio-127.0.0.1-9090"]
2023-06-09 10:02:41 [ main:4145 ] - [ INFO ] Tomcat started on port(s): 9090 (http) with context path ''
2023-06-09 10:02:41 [ main:4151 ] - [ INFO ] Started HnScreenApplication in 4.078 seconds (JVM running for 4.347)
2023-06-09 10:02:57 [ pool-3-thread-1:19858 ] - [ INFO ] ModBus:Fan服务已启动 端口为:503
2023-06-09 10:02:57 [ pool-3-thread-2:19858 ] - [ INFO ] ModBus:Pro服务已启动 端口为:502
2023-06-09 10:03:27 [ pool-2-thread-1:49874 ] - [ INFO ] ModBus客户端连接失败...
2023-06-09 10:03:27 [ pool-2-thread-1:49874 ] - [ INFO ] ModBus客户端:Energy连接失败...
2023-06-09 10:11:10 [ SpringApplicationShutdownHook:513218 ] - [ INFO ] {dataSource-0} closing ...
2023-06-09 10:11:16 [ main:307 ] - [ INFO ] Starting HnScreenApplication using Java 1.8.0_362 on wangjiniandeMacBook-Pro.local with PID 1763 (/Users/wangjinian/Downloads/JavaPro/hn-screen/target/classes started by wangjinian in /Users/wangjinian/Downloads/JavaPro/hn-screen)
2023-06-09 10:11:16 [ main:309 ] - [ INFO ] The following 1 profile is active: "local"
2023-06-09 10:11:16 [ main:781 ] - [ INFO ] Tomcat initialized with port(s): 9090 (http)
2023-06-09 10:11:16 [ main:784 ] - [ INFO ] Initializing ProtocolHandler ["http-nio-127.0.0.1-9090"]
2023-06-09 10:11:16 [ main:784 ] - [ INFO ] Starting service [Tomcat]
2023-06-09 10:11:16 [ main:784 ] - [ INFO ] Starting Servlet engine: [Apache Tomcat/9.0.75]
2023-06-09 10:11:16 [ main:823 ] - [ INFO ] Initializing Spring embedded WebApplicationContext
2023-06-09 10:11:16 [ main:823 ] - [ INFO ] Root WebApplicationContext: initialization completed in 491 ms
2023-06-09 10:11:17 [ main:1027 ] - [ INFO ] 读取配置文件,初始化Redis连接池参数
2023-06-09 10:11:19 [ main:3031 ] - [ INFO ] 读取配置文件,初始化所有ModBus客户端和服务端
2023-06-09 10:11:20 [ main:4681 ] - [ INFO ] Starting ProtocolHandler ["http-nio-127.0.0.1-9090"]
2023-06-09 10:11:20 [ main:4694 ] - [ INFO ] Tomcat started on port(s): 9090 (http) with context path ''
2023-06-09 10:11:20 [ main:4700 ] - [ INFO ] Started HnScreenApplication in 4.627 seconds (JVM running for 4.904)
2023-06-09 10:11:55 [ pool-3-thread-2:39248 ] - [ INFO ] ModBus:Pro服务已启动 端口为:502
2023-06-09 10:11:55 [ pool-3-thread-1:39248 ] - [ INFO ] ModBus:Fan服务已启动 端口为:503
2023-06-09 10:11:55 [ nioEventLoopGroup-2-1:39446 ] - [ INFO ] ModBus客户端上线
2023-06-09 10:13:46 [ pool-2-thread-1:150974 ] - [ INFO ] ModBus:Energy服务已连接 地址为:192.168.45.93 端口为:502
2023-06-09 10:13:51 [ nioEventLoopGroup-2-1:155093 ] - [ INFO ] {dataSource-1} inited
2023-06-09 10:13:56 [ nioEventLoopGroup-2-1:160215 ] - [ WARN ] An exceptionCaught() event was fired, and it reached at the tail of the pipeline. It usually means the last handler in the pipeline did not handle the exception.
java.lang.NullPointerException: null
	at com.ntdq.hnscreen.build.command.CommandGenExecutor.lambda$fillPointParse$1(CommandGenExecutor.java:58)
	at java.util.stream.ReferencePipeline$2$1.accept(ReferencePipeline.java:174)
	at java.util.ArrayList$ArrayListSpliterator.forEachRemaining(ArrayList.java:1384)
	at java.util.stream.AbstractPipeline.copyInto(AbstractPipeline.java:482)
	at java.util.stream.AbstractPipeline.wrapAndCopyInto(AbstractPipeline.java:472)
	at java.util.stream.ReduceOps$ReduceOp.evaluateSequential(ReduceOps.java:708)
	at java.util.stream.AbstractPipeline.evaluate(AbstractPipeline.java:234)
	at java.util.stream.ReferencePipeline.collect(ReferencePipeline.java:566)
	at com.ntdq.hnscreen.build.command.CommandGenExecutor.fillPointParse(CommandGenExecutor.java:59)
	at com.ntdq.hnscreen.build.command.EnergyExecutor.lambda$getPointAttributeParseList$0(EnergyExecutor.java:69)
	at java.lang.Iterable.forEach(Iterable.java:75)
	at com.ntdq.hnscreen.build.command.EnergyExecutor.getPointAttributeParseList(EnergyExecutor.java:68)
	at com.ntdq.hnscreen.modbus.handler.TCPModbusResHandler.channelActive(TCPModbusResHandler.java:56)
	at io.netty.channel.AbstractChannelHandlerContext.invokeChannelActive(AbstractChannelHandlerContext.java:262)
	at io.netty.channel.AbstractChannelHandlerContext.invokeChannelActive(AbstractChannelHandlerContext.java:238)
	at io.netty.channel.AbstractChannelHandlerContext.fireChannelActive(AbstractChannelHandlerContext.java:231)
	at io.netty.channel.DefaultChannelPipeline$HeadContext.channelActive(DefaultChannelPipeline.java:1398)
	at io.netty.channel.AbstractChannelHandlerContext.invokeChannelActive(AbstractChannelHandlerContext.java:258)
	at io.netty.channel.AbstractChannelHandlerContext.invokeChannelActive(AbstractChannelHandlerContext.java:238)
	at io.netty.channel.DefaultChannelPipeline.fireChannelActive(DefaultChannelPipeline.java:895)
	at io.netty.channel.nio.AbstractNioChannel$AbstractNioUnsafe.fulfillConnectPromise(AbstractNioChannel.java:305)
	at io.netty.channel.nio.AbstractNioChannel$AbstractNioUnsafe.finishConnect(AbstractNioChannel.java:335)
	at io.netty.channel.nio.NioEventLoop.processSelectedKey(NioEventLoop.java:776)
	at io.netty.channel.nio.NioEventLoop.processSelectedKeysOptimized(NioEventLoop.java:724)
	at io.netty.channel.nio.NioEventLoop.processSelectedKeys(NioEventLoop.java:650)
	at io.netty.channel.nio.NioEventLoop.run(NioEventLoop.java:562)
	at io.netty.util.concurrent.SingleThreadEventExecutor$4.run(SingleThreadEventExecutor.java:997)
	at io.netty.util.internal.ThreadExecutorMap$2.run(ThreadExecutorMap.java:74)
	at io.netty.util.concurrent.FastThreadLocalRunnable.run(FastThreadLocalRunnable.java:30)
	at java.lang.Thread.run(Thread.java:750)
2023-06-09 10:13:56 [ nioEventLoopGroup-2-1:160233 ] - [ WARN ] An exceptionCaught() event was fired, and it reached at the tail of the pipeline. It usually means the last handler in the pipeline did not handle the exception.
java.io.IOException: Connection reset by peer
	at sun.nio.ch.FileDispatcherImpl.read0(Native Method)
	at sun.nio.ch.SocketDispatcher.read(SocketDispatcher.java:39)
	at sun.nio.ch.IOUtil.readIntoNativeBuffer(IOUtil.java:223)
	at sun.nio.ch.IOUtil.read(IOUtil.java:192)
	at sun.nio.ch.SocketChannelImpl.read(SocketChannelImpl.java:379)
	at io.netty.buffer.PooledByteBuf.setBytes(PooledByteBuf.java:256)
	at io.netty.buffer.AbstractByteBuf.writeBytes(AbstractByteBuf.java:1132)
	at io.netty.channel.socket.nio.NioSocketChannel.doReadBytes(NioSocketChannel.java:357)
	at io.netty.channel.nio.AbstractNioByteChannel$NioByteUnsafe.read(AbstractNioByteChannel.java:151)
	at io.netty.channel.nio.NioEventLoop.processSelectedKey(NioEventLoop.java:788)
	at io.netty.channel.nio.NioEventLoop.processSelectedKeysOptimized(NioEventLoop.java:724)
	at io.netty.channel.nio.NioEventLoop.processSelectedKeys(NioEventLoop.java:650)
	at io.netty.channel.nio.NioEventLoop.run(NioEventLoop.java:562)
	at io.netty.util.concurrent.SingleThreadEventExecutor$4.run(SingleThreadEventExecutor.java:997)
	at io.netty.util.internal.ThreadExecutorMap$2.run(ThreadExecutorMap.java:74)
	at io.netty.util.concurrent.FastThreadLocalRunnable.run(FastThreadLocalRunnable.java:30)
	at java.lang.Thread.run(Thread.java:750)
2023-06-09 10:13:56 [ nioEventLoopGroup-2-1:160234 ] - [ INFO ] 监测到ModBus客户端:Energy断开连接...
2023-06-09 10:13:56 [ nioEventLoopGroup-2-1:160237 ] - [ INFO ] ModBus客户端下线
2023-06-09 10:14:14 [ SpringApplicationShutdownHook:178414 ] - [ INFO ] {dataSource-1} closing ...
2023-06-09 10:14:14 [ SpringApplicationShutdownHook:178417 ] - [ INFO ] {dataSource-1} closed
2023-06-09 10:14:16 [ main:301 ] - [ INFO ] Starting HnScreenApplication using Java 1.8.0_362 on wangjiniandeMacBook-Pro.local with PID 1813 (/Users/wangjinian/Downloads/JavaPro/hn-screen/target/classes started by wangjinian in /Users/wangjinian/Downloads/JavaPro/hn-screen)
2023-06-09 10:14:16 [ main:303 ] - [ INFO ] The following 1 profile is active: "local"
2023-06-09 10:14:16 [ main:776 ] - [ INFO ] Tomcat initialized with port(s): 9090 (http)
2023-06-09 10:14:16 [ main:779 ] - [ INFO ] Initializing ProtocolHandler ["http-nio-127.0.0.1-9090"]
2023-06-09 10:14:16 [ main:780 ] - [ INFO ] Starting service [Tomcat]
2023-06-09 10:14:16 [ main:780 ] - [ INFO ] Starting Servlet engine: [Apache Tomcat/9.0.75]
2023-06-09 10:14:16 [ main:817 ] - [ INFO ] Initializing Spring embedded WebApplicationContext
2023-06-09 10:14:16 [ main:817 ] - [ INFO ] Root WebApplicationContext: initialization completed in 491 ms
2023-06-09 10:14:17 [ main:1018 ] - [ INFO ] 读取配置文件,初始化Redis连接池参数
2023-06-09 10:14:18 [ main:2629 ] - [ INFO ] 读取配置文件,初始化所有ModBus客户端和服务端
2023-06-09 10:14:19 [ main:3644 ] - [ INFO ] Starting ProtocolHandler ["http-nio-127.0.0.1-9090"]
2023-06-09 10:14:19 [ main:3656 ] - [ INFO ] Tomcat started on port(s): 9090 (http) with context path ''
2023-06-09 10:14:19 [ main:3662 ] - [ INFO ] Started HnScreenApplication in 3.591 seconds (JVM running for 3.857)
2023-06-09 10:14:21 [ pool-3-thread-1:5425 ] - [ INFO ] ModBus:Fan服务已启动 端口为:503
2023-06-09 10:14:21 [ pool-3-thread-2:5425 ] - [ INFO ] ModBus:Pro服务已启动 端口为:502
2023-06-09 10:14:21 [ nioEventLoopGroup-4-1:5442 ] - [ INFO ] ModBus客户端上线
2023-06-09 10:14:22 [ pool-2-thread-1:6271 ] - [ INFO ] ModBus:Energy服务已连接 地址为:192.168.45.93 端口为:502
2023-06-09 10:14:22 [ nioEventLoopGroup-4-1:6317 ] - [ INFO ] {dataSource-1} inited
2023-06-09 10:15:11 [ nioEventLoopGroup-4-1:55684 ] - [ WARN ] An exceptionCaught() event was fired, and it reached at the tail of the pipeline. It usually means the last handler in the pipeline did not handle the exception.
java.lang.NullPointerException: null
	at com.ntdq.hnscreen.build.command.CommandGenExecutor.lambda$fillPointParse$1(CommandGenExecutor.java:58)
	at java.util.stream.ReferencePipeline$2$1.accept(ReferencePipeline.java:174)
	at java.util.ArrayList$ArrayListSpliterator.forEachRemaining(ArrayList.java:1384)
	at java.util.stream.AbstractPipeline.copyInto(AbstractPipeline.java:482)
	at java.util.stream.AbstractPipeline.wrapAndCopyInto(AbstractPipeline.java:472)
	at java.util.stream.ReduceOps$ReduceOp.evaluateSequential(ReduceOps.java:708)
	at java.util.stream.AbstractPipeline.evaluate(AbstractPipeline.java:234)
	at java.util.stream.ReferencePipeline.collect(ReferencePipeline.java:566)
	at com.ntdq.hnscreen.build.command.CommandGenExecutor.fillPointParse(CommandGenExecutor.java:59)
	at com.ntdq.hnscreen.build.command.EnergyExecutor.lambda$getPointAttributeParseList$0(EnergyExecutor.java:69)
	at java.lang.Iterable.forEach(Iterable.java:75)
	at com.ntdq.hnscreen.build.command.EnergyExecutor.getPointAttributeParseList(EnergyExecutor.java:68)
	at com.ntdq.hnscreen.modbus.handler.TCPModbusResHandler.channelActive(TCPModbusResHandler.java:56)
	at io.netty.channel.AbstractChannelHandlerContext.invokeChannelActive(AbstractChannelHandlerContext.java:262)
	at io.netty.channel.AbstractChannelHandlerContext.invokeChannelActive(AbstractChannelHandlerContext.java:238)
	at io.netty.channel.AbstractChannelHandlerContext.fireChannelActive(AbstractChannelHandlerContext.java:231)
	at io.netty.channel.DefaultChannelPipeline$HeadContext.channelActive(DefaultChannelPipeline.java:1398)
	at io.netty.channel.AbstractChannelHandlerContext.invokeChannelActive(AbstractChannelHandlerContext.java:258)
	at io.netty.channel.AbstractChannelHandlerContext.invokeChannelActive(AbstractChannelHandlerContext.java:238)
	at io.netty.channel.DefaultChannelPipeline.fireChannelActive(DefaultChannelPipeline.java:895)
	at io.netty.channel.nio.AbstractNioChannel$AbstractNioUnsafe.fulfillConnectPromise(AbstractNioChannel.java:305)
	at io.netty.channel.nio.AbstractNioChannel$AbstractNioUnsafe.finishConnect(AbstractNioChannel.java:335)
	at io.netty.channel.nio.NioEventLoop.processSelectedKey(NioEventLoop.java:776)
	at io.netty.channel.nio.NioEventLoop.processSelectedKeysOptimized(NioEventLoop.java:724)
	at io.netty.channel.nio.NioEventLoop.processSelectedKeys(NioEventLoop.java:650)
	at io.netty.channel.nio.NioEventLoop.run(NioEventLoop.java:562)
	at io.netty.util.concurrent.SingleThreadEventExecutor$4.run(SingleThreadEventExecutor.java:997)
	at io.netty.util.internal.ThreadExecutorMap$2.run(ThreadExecutorMap.java:74)
	at io.netty.util.concurrent.FastThreadLocalRunnable.run(FastThreadLocalRunnable.java:30)
	at java.lang.Thread.run(Thread.java:750)
2023-06-09 10:15:11 [ nioEventLoopGroup-4-1:55702 ] - [ INFO ] 监测到ModBus客户端:Energy断开连接...
2023-06-09 10:15:11 [ nioEventLoopGroup-4-1:55705 ] - [ INFO ] ModBus客户端下线
2023-06-09 10:15:11 [ SpringApplicationShutdownHook:55725 ] - [ INFO ] {dataSource-1} closing ...
2023-06-09 10:15:11 [ SpringApplicationShutdownHook:55728 ] - [ INFO ] {dataSource-1} closed
2023-06-09 10:15:15 [ main:304 ] - [ INFO ] Starting HnScreenApplication using Java 1.8.0_362 on wangjiniandeMacBook-Pro.local with PID 1827 (/Users/wangjinian/Downloads/JavaPro/hn-screen/target/classes started by wangjinian in /Users/wangjinian/Downloads/JavaPro/hn-screen)
2023-06-09 10:15:15 [ main:305 ] - [ INFO ] The following 1 profile is active: "local"
2023-06-09 10:15:16 [ main:780 ] - [ INFO ] Tomcat initialized with port(s): 9090 (http)
2023-06-09 10:15:16 [ main:784 ] - [ INFO ] Initializing ProtocolHandler ["http-nio-127.0.0.1-9090"]
2023-06-09 10:15:16 [ main:784 ] - [ INFO ] Starting service [Tomcat]
2023-06-09 10:15:16 [ main:784 ] - [ INFO ] Starting Servlet engine: [Apache Tomcat/9.0.75]
2023-06-09 10:15:16 [ main:821 ] - [ INFO ] Initializing Spring embedded WebApplicationContext
2023-06-09 10:15:16 [ main:821 ] - [ INFO ] Root WebApplicationContext: initialization completed in 493 ms
2023-06-09 10:15:16 [ main:1023 ] - [ INFO ] 读取配置文件,初始化Redis连接池参数
2023-06-09 10:15:18 [ main:2745 ] - [ INFO ] 读取配置文件,初始化所有ModBus客户端和服务端
2023-06-09 10:15:19 [ main:3936 ] - [ INFO ] Starting ProtocolHandler ["http-nio-127.0.0.1-9090"]
2023-06-09 10:15:19 [ main:3949 ] - [ INFO ] Tomcat started on port(s): 9090 (http) with context path ''
2023-06-09 10:15:19 [ main:3955 ] - [ INFO ] Started HnScreenApplication in 3.886 seconds (JVM running for 4.151)
2023-06-09 10:15:21 [ pool-3-thread-2:5875 ] - [ INFO ] ModBus:Pro服务已启动 端口为:502
2023-06-09 10:15:21 [ pool-3-thread-1:5875 ] - [ INFO ] ModBus:Fan服务已启动 端口为:503
2023-06-09 10:15:21 [ nioEventLoopGroup-4-1:5917 ] - [ INFO ] ModBus客户端上线
2023-06-09 10:15:28 [ pool-2-thread-1:13395 ] - [ INFO ] ModBus:Energy服务已连接 地址为:192.168.45.93 端口为:502
2023-06-09 10:15:28 [ nioEventLoopGroup-4-1:13437 ] - [ INFO ] {dataSource-1} inited
2023-06-09 10:16:15 [ nioEventLoopGroup-4-1:60016 ] - [ INFO ] 添加线圈channel:[id: 0x86ab1102, L:/192.168.45.145:51356 - R:/192.168.45.93:502]
2023-06-09 10:16:15 [ nioEventLoopGroup-4-1:60032 ] - [ INFO ] 监测到ModBus客户端:Energy断开连接...
2023-06-09 10:16:15 [ nioEventLoopGroup-4-1:60034 ] - [ INFO ] -----------TCPModbusReqEncoder encode begin------------
2023-06-09 10:16:15 [ nioEventLoopGroup-4-1:60035 ] - [ INFO ] header:transactionId:0,protocolId:0,length:6,unitId:1
2023-06-09 10:16:15 [ nioEventLoopGroup-4-1:60035 ] - [ INFO ] functionCode:4
2023-06-09 10:16:15 [ nioEventLoopGroup-4-1:60035 ] - [ INFO ] TCPModbus输出编码完成...
2023-06-09 10:16:15 [ nioEventLoopGroup-4-1:60036 ] - [ INFO ] ModBus客户端下线
2023-06-09 10:16:15 [ SpringApplicationShutdownHook:60054 ] - [ INFO ] {dataSource-1} closing ...
2023-06-09 10:16:15 [ SpringApplicationShutdownHook:60057 ] - [ INFO ] {dataSource-1} closed
2023-06-09 10:16:17 [ main:308 ] - [ INFO ] Starting HnScreenApplication using Java 1.8.0_362 on wangjiniandeMacBook-Pro.local with PID 1845 (/Users/wangjinian/Downloads/JavaPro/hn-screen/target/classes started by wangjinian in /Users/wangjinian/Downloads/JavaPro/hn-screen)
2023-06-09 10:16:17 [ main:310 ] - [ INFO ] The following 1 profile is active: "local"
2023-06-09 10:16:18 [ main:784 ] - [ INFO ] Tomcat initialized with port(s): 9090 (http)
2023-06-09 10:16:18 [ main:787 ] - [ INFO ] Initializing ProtocolHandler ["http-nio-127.0.0.1-9090"]
2023-06-09 10:16:18 [ main:787 ] - [ INFO ] Starting service [Tomcat]
2023-06-09 10:16:18 [ main:787 ] - [ INFO ] Starting Servlet engine: [Apache Tomcat/9.0.75]
2023-06-09 10:16:18 [ main:824 ] - [ INFO ] Initializing Spring embedded WebApplicationContext
2023-06-09 10:16:18 [ main:825 ] - [ INFO ] Root WebApplicationContext: initialization completed in 493 ms
2023-06-09 10:16:18 [ main:1025 ] - [ INFO ] 读取配置文件,初始化Redis连接池参数
2023-06-09 10:16:20 [ main:2827 ] - [ INFO ] 读取配置文件,初始化所有ModBus客户端和服务端
2023-06-09 10:16:24 [ main:6823 ] - [ INFO ] Starting ProtocolHandler ["http-nio-127.0.0.1-9090"]
2023-06-09 10:16:24 [ main:6835 ] - [ INFO ] Tomcat started on port(s): 9090 (http) with context path ''
2023-06-09 10:16:24 [ main:6841 ] - [ INFO ] Started HnScreenApplication in 6.77 seconds (JVM running for 7.037)
2023-06-09 10:16:26 [ pool-3-thread-1:8641 ] - [ INFO ] ModBus:Fan服务已启动 端口为:503
2023-06-09 10:16:26 [ pool-3-thread-2:8641 ] - [ INFO ] ModBus:Pro服务已启动 端口为:502
2023-06-09 10:16:26 [ nioEventLoopGroup-4-1:8737 ] - [ INFO ] ModBus客户端上线
2023-06-09 10:16:27 [ pool-2-thread-1:10027 ] - [ INFO ] ModBus:Energy服务已连接 地址为:192.168.45.93 端口为:502
2023-06-09 10:16:27 [ nioEventLoopGroup-4-1:10073 ] - [ INFO ] {dataSource-1} inited
2023-06-09 10:26:02 [ nioEventLoopGroup-4-1:584631 ] - [ INFO ] 添加线圈channel:[id: 0xaef557c9, L:/192.168.45.145:51392 - R:/192.168.45.93:502]
2023-06-09 10:26:02 [ nioEventLoopGroup-4-1:584647 ] - [ WARN ] An exceptionCaught() event was fired, and it reached at the tail of the pipeline. It usually means the last handler in the pipeline did not handle the exception.
java.io.IOException: Connection reset by peer
	at sun.nio.ch.FileDispatcherImpl.read0(Native Method)
	at sun.nio.ch.SocketDispatcher.read(SocketDispatcher.java:39)
	at sun.nio.ch.IOUtil.readIntoNativeBuffer(IOUtil.java:223)
	at sun.nio.ch.IOUtil.read(IOUtil.java:192)
	at sun.nio.ch.SocketChannelImpl.read(SocketChannelImpl.java:379)
	at io.netty.buffer.PooledByteBuf.setBytes(PooledByteBuf.java:256)
	at io.netty.buffer.AbstractByteBuf.writeBytes(AbstractByteBuf.java:1132)
	at io.netty.channel.socket.nio.NioSocketChannel.doReadBytes(NioSocketChannel.java:357)
	at io.netty.channel.nio.AbstractNioByteChannel$NioByteUnsafe.read(AbstractNioByteChannel.java:151)
	at io.netty.channel.nio.NioEventLoop.processSelectedKey(NioEventLoop.java:788)
	at io.netty.channel.nio.NioEventLoop.processSelectedKeysOptimized(NioEventLoop.java:724)
	at io.netty.channel.nio.NioEventLoop.processSelectedKeys(NioEventLoop.java:650)
	at io.netty.channel.nio.NioEventLoop.run(NioEventLoop.java:562)
	at io.netty.util.concurrent.SingleThreadEventExecutor$4.run(SingleThreadEventExecutor.java:997)
	at io.netty.util.internal.ThreadExecutorMap$2.run(ThreadExecutorMap.java:74)
	at io.netty.util.concurrent.FastThreadLocalRunnable.run(FastThreadLocalRunnable.java:30)
	at java.lang.Thread.run(Thread.java:750)
2023-06-09 10:26:02 [ nioEventLoopGroup-4-1:584649 ] - [ INFO ] 监测到ModBus客户端:Energy断开连接...
2023-06-09 10:26:02 [ nioEventLoopGroup-4-1:584651 ] - [ INFO ] -----------TCPModbusReqEncoder encode begin------------
2023-06-09 10:26:39 [ nioEventLoopGroup-4-1:622038 ] - [ INFO ] header:transactionId:0,protocolId:0,length:6,unitId:1
2023-06-09 10:26:49 [ nioEventLoopGroup-4-1:631705 ] - [ INFO ] functionCode:4
2023-06-09 10:27:24 [ nioEventLoopGroup-4-1:666857 ] - [ INFO ] TCPModbus输出编码完成...
2023-06-09 10:27:31 [ nioEventLoopGroup-4-1:673728 ] - [ INFO ] ModBus客户端下线
2023-06-09 10:27:36 [ SpringApplicationShutdownHook:678503 ] - [ INFO ] {dataSource-1} closing ...
2023-06-09 10:27:36 [ SpringApplicationShutdownHook:678506 ] - [ INFO ] {dataSource-1} closed
2023-06-09 10:33:41 [ main:315 ] - [ INFO ] Starting HnScreenApplication using Java 1.8.0_362 on wangjiniandeMacBook-Pro.local with PID 2018 (/Users/wangjinian/Downloads/JavaPro/hn-screen/target/classes started by wangjinian in /Users/wangjinian/Downloads/JavaPro/hn-screen)
2023-06-09 10:33:41 [ main:316 ] - [ INFO ] The following 1 profile is active: "local"
2023-06-09 10:33:42 [ main:805 ] - [ INFO ] Tomcat initialized with port(s): 9090 (http)
2023-06-09 10:33:42 [ main:808 ] - [ INFO ] Initializing ProtocolHandler ["http-nio-127.0.0.1-9090"]
2023-06-09 10:33:42 [ main:809 ] - [ INFO ] Starting service [Tomcat]
2023-06-09 10:33:42 [ main:809 ] - [ INFO ] Starting Servlet engine: [Apache Tomcat/9.0.75]
2023-06-09 10:33:42 [ main:847 ] - [ INFO ] Initializing Spring embedded WebApplicationContext
2023-06-09 10:33:42 [ main:847 ] - [ INFO ] Root WebApplicationContext: initialization completed in 507 ms
2023-06-09 10:33:42 [ main:1053 ] - [ INFO ] 读取配置文件,初始化Redis连接池参数
2023-06-09 10:33:48 [ main:6605 ] - [ INFO ] 读取配置文件,初始化所有ModBus客户端和服务端
2023-06-09 10:33:48 [ main:7000 ] - [ INFO ] Starting ProtocolHandler ["http-nio-127.0.0.1-9090"]
2023-06-09 10:33:48 [ main:7012 ] - [ INFO ] Tomcat started on port(s): 9090 (http) with context path ''
2023-06-09 10:33:48 [ main:7018 ] - [ INFO ] Started HnScreenApplication in 6.947 seconds (JVM running for 7.219)
2023-06-09 10:33:48 [ pool-3-thread-2:7148 ] - [ INFO ] ModBus:Pro服务已启动 端口为:502
2023-06-09 10:33:48 [ pool-3-thread-1:7148 ] - [ INFO ] ModBus:Fan服务已启动 端口为:503
2023-06-09 10:33:50 [ nioEventLoopGroup-2-1:9143 ] - [ INFO ] ModBus客户端上线
2023-06-09 10:33:50 [ pool-2-thread-1:9235 ] - [ INFO ] ModBus:Energy服务已连接 地址为:192.168.45.93 端口为:502
2023-06-09 10:33:50 [ nioEventLoopGroup-2-1:9262 ] - [ INFO ] {dataSource-1} inited
2023-06-09 10:33:57 [ nioEventLoopGroup-2-1:16239 ] - [ INFO ] 添加线圈channel:[id: 0x6e92bb14, L:/192.168.45.145:51959 - R:/192.168.45.93:502]
2023-06-09 10:33:57 [ nioEventLoopGroup-2-1:16256 ] - [ INFO ] 监测到ModBus客户端:Energy断开连接...
2023-06-09 10:33:57 [ nioEventLoopGroup-2-1:16259 ] - [ INFO ] -----------TCPModbusReqEncoder encode begin------------
2023-06-09 10:33:58 [ nioEventLoopGroup-2-1:17091 ] - [ INFO ] header:transactionId:0,protocolId:0,length:6,unitId:1
2023-06-09 10:33:58 [ nioEventLoopGroup-2-1:17092 ] - [ INFO ] functionCode:4
2023-06-09 10:33:58 [ nioEventLoopGroup-2-1:17092 ] - [ INFO ] TCPModbus输出编码完成...
2023-06-09 10:33:58 [ nioEventLoopGroup-2-1:17094 ] - [ INFO ] ModBus客户端下线
2023-06-09 10:36:01 [ http-nio-127.0.0.1-9090-exec-1:140116 ] - [ INFO ] Initializing Spring DispatcherServlet 'dispatcherServlet'
2023-06-09 10:36:01 [ http-nio-127.0.0.1-9090-exec-1:140117 ] - [ INFO ] Initializing Servlet 'dispatcherServlet'
2023-06-09 10:36:01 [ http-nio-127.0.0.1-9090-exec-1:140118 ] - [ INFO ] Completed initialization in 1 ms
2023-06-09 10:37:39 [ http-nio-127.0.0.1-9090-exec-1:237436 ] - [ WARN ] discard long time none received connection. , jdbcUrl : jdbc:mysql://127.0.0.1:3306/Manager?useUnicode=true&useJDBCCompliantTimezoneShift=true&serverTimezone=UTC&characterEncoding=utf8, version : 1.2.4, lastPacketReceivedIdleMillis : 227988
2023-06-09 10:37:39 [ SpringApplicationShutdownHook:237568 ] - [ INFO ] {dataSource-1} closing ...
2023-06-09 10:37:39 [ SpringApplicationShutdownHook:237569 ] - [ INFO ] {dataSource-1} closed
2023-06-09 10:37:42 [ main:304 ] - [ INFO ] Starting HnScreenApplication using Java 1.8.0_362 on wangjiniandeMacBook-Pro.local with PID 2094 (/Users/wangjinian/Downloads/JavaPro/hn-screen/target/classes started by wangjinian in /Users/wangjinian/Downloads/JavaPro/hn-screen)
2023-06-09 10:37:42 [ main:306 ] - [ INFO ] The following 1 profile is active: "local"
2023-06-09 10:37:42 [ main:796 ] - [ INFO ] Tomcat initialized with port(s): 9090 (http)
2023-06-09 10:37:42 [ main:800 ] - [ INFO ] Initializing ProtocolHandler ["http-nio-127.0.0.1-9090"]
2023-06-09 10:37:42 [ main:800 ] - [ INFO ] Starting service [Tomcat]
2023-06-09 10:37:42 [ main:801 ] - [ INFO ] Starting Servlet engine: [Apache Tomcat/9.0.75]
2023-06-09 10:37:42 [ main:841 ] - [ INFO ] Initializing Spring embedded WebApplicationContext
2023-06-09 10:37:42 [ main:841 ] - [ INFO ] Root WebApplicationContext: initialization completed in 512 ms
2023-06-09 10:37:43 [ main:1047 ] - [ INFO ] 读取配置文件,初始化Redis连接池参数
2023-06-09 10:37:45 [ main:2976 ] - [ INFO ] 读取配置文件,初始化所有ModBus客户端和服务端
2023-06-09 10:37:45 [ main:3421 ] - [ INFO ] Starting ProtocolHandler ["http-nio-127.0.0.1-9090"]
2023-06-09 10:37:45 [ main:3433 ] - [ INFO ] Tomcat started on port(s): 9090 (http) with context path ''
2023-06-09 10:37:45 [ main:3440 ] - [ INFO ] Started HnScreenApplication in 3.368 seconds (JVM running for 3.636)
2023-06-09 10:37:45 [ pool-3-thread-1:3650 ] - [ INFO ] ModBus:Fan服务已启动 端口为:503
2023-06-09 10:37:45 [ pool-3-thread-2:3650 ] - [ INFO ] ModBus:Pro服务已启动 端口为:502
2023-06-09 10:37:45 [ nioEventLoopGroup-2-1:3788 ] - [ INFO ] ModBus客户端上线
2023-06-09 10:37:46 [ pool-2-thread-1:4166 ] - [ INFO ] ModBus:Energy服务已连接 地址为:192.168.45.93 端口为:502
2023-06-09 10:37:46 [ nioEventLoopGroup-2-1:4192 ] - [ INFO ] {dataSource-1} inited
2023-06-09 10:37:46 [ nioEventLoopGroup-2-1:4568 ] - [ INFO ] 添加线圈channel:[id: 0xf7d47703, L:/192.168.45.145:52077 - R:/192.168.45.93:502]
2023-06-09 10:37:46 [ nioEventLoopGroup-2-1:4577 ] - [ INFO ] 监测到ModBus客户端:Energy断开连接...
2023-06-09 10:37:46 [ nioEventLoopGroup-2-1:4579 ] - [ INFO ] -----------TCPModbusReqEncoder encode begin------------
2023-06-09 10:37:46 [ nioEventLoopGroup-2-1:4713 ] - [ INFO ] header:transactionId:0,protocolId:0,length:6,unitId:1
2023-06-09 10:37:46 [ nioEventLoopGroup-2-1:4714 ] - [ INFO ] functionCode:4
2023-06-09 10:37:46 [ nioEventLoopGroup-2-1:4714 ] - [ INFO ] TCPModbus输出编码完成...
2023-06-09 10:37:46 [ nioEventLoopGroup-2-1:4714 ] - [ INFO ] ModBus客户端下线
2023-06-09 10:37:56 [ http-nio-127.0.0.1-9090-exec-1:14858 ] - [ INFO ] Initializing Spring DispatcherServlet 'dispatcherServlet'
2023-06-09 10:37:56 [ http-nio-127.0.0.1-9090-exec-1:14858 ] - [ INFO ] Initializing Servlet 'dispatcherServlet'
2023-06-09 10:37:56 [ http-nio-127.0.0.1-9090-exec-1:14859 ] - [ INFO ] Completed initialization in 1 ms
2023-06-09 10:42:46 [ http-nio-127.0.0.1-9090-exec-2:303949 ] - [ WARN ] discard long time none received connection. , jdbcUrl : jdbc:mysql://127.0.0.1:3306/Manager?useUnicode=true&useJDBCCompliantTimezoneShift=true&serverTimezone=UTC&characterEncoding=utf8, version : 1.2.4, lastPacketReceivedIdleMillis : 267199
2023-06-09 10:44:01 [ http-nio-127.0.0.1-9090-exec-3:379613 ] - [ WARN ] discard long time none received connection. , jdbcUrl : jdbc:mysql://127.0.0.1:3306/Manager?useUnicode=true&useJDBCCompliantTimezoneShift=true&serverTimezone=UTC&characterEncoding=utf8, version : 1.2.4, lastPacketReceivedIdleMillis : 73413
2023-06-09 10:47:53 [ SpringApplicationShutdownHook:611491 ] - [ INFO ] {dataSource-1} closing ...
2023-06-09 10:47:53 [ SpringApplicationShutdownHook:611493 ] - [ INFO ] {dataSource-1} closed
2023-06-09 10:49:46 [ main:305 ] - [ INFO ] Starting HnScreenApplication using Java 1.8.0_362 on wangjiniandeMacBook-Pro.local with PID 2209 (/Users/wangjinian/Downloads/JavaPro/hn-screen/target/classes started by wangjinian in /Users/wangjinian/Downloads/JavaPro/hn-screen)
2023-06-09 10:49:46 [ main:306 ] - [ INFO ] The following 1 profile is active: "local"
2023-06-09 10:49:47 [ main:777 ] - [ INFO ] Tomcat initialized with port(s): 9090 (http)
2023-06-09 10:49:47 [ main:780 ] - [ INFO ] Initializing ProtocolHandler ["http-nio-127.0.0.1-9090"]
2023-06-09 10:49:47 [ main:780 ] - [ INFO ] Starting service [Tomcat]
2023-06-09 10:49:47 [ main:780 ] - [ INFO ] Starting Servlet engine: [Apache Tomcat/9.0.75]
2023-06-09 10:49:47 [ main:820 ] - [ INFO ] Initializing Spring embedded WebApplicationContext
2023-06-09 10:49:47 [ main:821 ] - [ INFO ] Root WebApplicationContext: initialization completed in 493 ms
2023-06-09 10:49:47 [ main:1027 ] - [ INFO ] 读取配置文件,初始化Redis连接池参数
2023-06-09 10:49:49 [ main:2578 ] - [ INFO ] 读取配置文件,初始化所有ModBus客户端和服务端
2023-06-09 10:49:50 [ main:3779 ] - [ INFO ] Starting ProtocolHandler ["http-nio-127.0.0.1-9090"]
2023-06-09 10:49:50 [ main:3791 ] - [ INFO ] Tomcat started on port(s): 9090 (http) with context path ''
2023-06-09 10:49:50 [ main:3797 ] - [ INFO ] Started HnScreenApplication in 3.725 seconds (JVM running for 3.991)
2023-06-09 10:49:51 [ pool-3-thread-2:4922 ] - [ INFO ] ModBus:Pro服务已启动 端口为:502
2023-06-09 10:49:51 [ pool-3-thread-1:4922 ] - [ INFO ] ModBus:Fan服务已启动 端口为:503
2023-06-09 10:49:52 [ nioEventLoopGroup-3-1:5570 ] - [ INFO ] ModBus客户端上线
2023-06-09 10:50:09 [ pool-2-thread-1:22421 ] - [ INFO ] ModBus:Energy服务已连接 地址为:192.168.45.93 端口为:502
2023-06-09 10:50:09 [ nioEventLoopGroup-3-1:22463 ] - [ INFO ] {dataSource-1} inited
2023-06-09 10:51:18 [ nioEventLoopGroup-3-1:91761 ] - [ INFO ] 添加线圈channel:[id: 0x2e73edf9, L:/192.168.45.145:52483 - R:/192.168.45.93:502]
2023-06-09 10:51:32 [ main:305 ] - [ INFO ] Starting HnScreenApplication using Java 1.8.0_362 on wangjiniandeMacBook-Pro.local with PID 2230 (/Users/wangjinian/Downloads/JavaPro/hn-screen/target/classes started by wangjinian in /Users/wangjinian/Downloads/JavaPro/hn-screen)
2023-06-09 10:51:32 [ main:306 ] - [ INFO ] The following 1 profile is active: "local"
2023-06-09 10:51:32 [ main:774 ] - [ INFO ] Tomcat initialized with port(s): 9090 (http)
2023-06-09 10:51:32 [ main:777 ] - [ INFO ] Initializing ProtocolHandler ["http-nio-127.0.0.1-9090"]
2023-06-09 10:51:32 [ main:778 ] - [ INFO ] Starting service [Tomcat]
2023-06-09 10:51:32 [ main:778 ] - [ INFO ] Starting Servlet engine: [Apache Tomcat/9.0.75]
2023-06-09 10:51:32 [ main:814 ] - [ INFO ] Initializing Spring embedded WebApplicationContext
2023-06-09 10:51:32 [ main:814 ] - [ INFO ] Root WebApplicationContext: initialization completed in 486 ms
2023-06-09 10:51:32 [ main:1018 ] - [ INFO ] 读取配置文件,初始化Redis连接池参数
2023-06-09 10:51:34 [ main:2628 ] - [ INFO ] 读取配置文件,初始化所有ModBus客户端和服务端
2023-06-09 10:51:35 [ main:3763 ] - [ INFO ] Starting ProtocolHandler ["http-nio-127.0.0.1-9090"]
2023-06-09 10:51:35 [ main:3775 ] - [ INFO ] Tomcat started on port(s): 9090 (http) with context path ''
2023-06-09 10:51:35 [ main:3781 ] - [ INFO ] Started HnScreenApplication in 3.709 seconds (JVM running for 3.976)
2023-06-09 10:51:36 [ pool-3-thread-1:4708 ] - [ INFO ] ModBus:Fan服务已启动 端口为:503
2023-06-09 10:51:36 [ pool-3-thread-2:4708 ] - [ INFO ] ModBus:Pro服务已启动 端口为:502
2023-06-09 10:51:37 [ nioEventLoopGroup-2-1:6006 ] - [ INFO ] ModBus客户端上线
2023-06-09 10:51:40 [ pool-2-thread-1:8293 ] - [ INFO ] ModBus:Energy服务已连接 地址为:192.168.45.93 端口为:502
2023-06-09 10:51:40 [ nioEventLoopGroup-2-1:8337 ] - [ INFO ] {dataSource-1} inited
2023-06-09 10:52:51 [ nioEventLoopGroup-2-1:79137 ] - [ INFO ] 添加线圈channel:[id: 0x59c2812d, L:/192.168.45.145:52530 - R:/192.168.45.93:502]
2023-06-09 10:52:51 [ nioEventLoopGroup-2-1:79150 ] - [ INFO ] 监测到ModBus客户端:Energy断开连接...
2023-06-09 10:52:51 [ nioEventLoopGroup-2-1:79152 ] - [ INFO ] -----------TCPModbusReqEncoder encode begin------------
2023-06-09 10:52:51 [ nioEventLoopGroup-2-1:79153 ] - [ INFO ] header:transactionId:0,protocolId:0,length:6,unitId:1
2023-06-09 10:52:51 [ nioEventLoopGroup-2-1:79153 ] - [ INFO ] functionCode:4
2023-06-09 10:52:51 [ nioEventLoopGroup-2-1:79153 ] - [ INFO ] TCPModbus输出编码完成...
2023-06-09 10:52:51 [ nioEventLoopGroup-2-1:79154 ] - [ INFO ] ModBus客户端下线
2023-06-09 10:52:51 [ SpringApplicationShutdownHook:79176 ] - [ INFO ] {dataSource-1} closing ...
2023-06-09 10:52:51 [ SpringApplicationShutdownHook:79179 ] - [ INFO ] {dataSource-1} closed
2023-06-09 10:54:49 [ main:329 ] - [ INFO ] Starting HnScreenApplication using Java 1.8.0_362 on wangjiniandeMacBook-Pro.local with PID 2269 (/Users/wangjinian/Downloads/JavaPro/hn-screen/target/classes started by wangjinian in /Users/wangjinian/Downloads/JavaPro/hn-screen)
2023-06-09 10:54:49 [ main:330 ] - [ INFO ] The following 1 profile is active: "local"
2023-06-09 10:54:50 [ main:832 ] - [ INFO ] Tomcat initialized with port(s): 9090 (http)
2023-06-09 10:54:50 [ main:837 ] - [ INFO ] Initializing ProtocolHandler ["http-nio-127.0.0.1-9090"]
2023-06-09 10:54:50 [ main:837 ] - [ INFO ] Starting service [Tomcat]
2023-06-09 10:54:50 [ main:837 ] - [ INFO ] Starting Servlet engine: [Apache Tomcat/9.0.75]
2023-06-09 10:54:50 [ main:877 ] - [ INFO ] Initializing Spring embedded WebApplicationContext
2023-06-09 10:54:50 [ main:877 ] - [ INFO ] Root WebApplicationContext: initialization completed in 523 ms
2023-06-09 10:54:50 [ main:1083 ] - [ INFO ] 读取配置文件,初始化Redis连接池参数
2023-06-09 10:54:52 [ main:2612 ] - [ INFO ] 读取配置文件,初始化所有ModBus客户端和服务端
2023-06-09 10:54:53 [ main:4252 ] - [ INFO ] Starting ProtocolHandler ["http-nio-127.0.0.1-9090"]
2023-06-09 10:54:53 [ main:4265 ] - [ INFO ] Tomcat started on port(s): 9090 (http) with context path ''
2023-06-09 10:54:53 [ main:4271 ] - [ INFO ] Started HnScreenApplication in 4.191 seconds (JVM running for 4.476)
2023-06-09 10:54:54 [ pool-3-thread-2:5278 ] - [ INFO ] ModBus:Pro服务已启动 端口为:502
2023-06-09 10:54:54 [ pool-3-thread-1:5278 ] - [ INFO ] ModBus:Fan服务已启动 端口为:503
2023-06-09 10:54:56 [ nioEventLoopGroup-2-1:6651 ] - [ INFO ] ModBus客户端上线
2023-06-09 10:55:02 [ pool-2-thread-1:12671 ] - [ INFO ] ModBus:Energy服务已连接 地址为:192.168.45.93 端口为:502
2023-06-09 10:55:02 [ nioEventLoopGroup-2-1:12712 ] - [ INFO ] {dataSource-1} inited
2023-06-09 10:55:02 [ SpringApplicationShutdownHook:12717 ] - [ INFO ] {dataSource-1} closing ...
2023-06-09 10:55:02 [ SpringApplicationShutdownHook:12718 ] - [ INFO ] {dataSource-1} closed
2023-06-09 10:55:05 [ main:305 ] - [ INFO ] Starting HnScreenApplication using Java 1.8.0_362 on wangjiniandeMacBook-Pro.local with PID 2279 (/Users/wangjinian/Downloads/JavaPro/hn-screen/target/classes started by wangjinian in /Users/wangjinian/Downloads/JavaPro/hn-screen)
2023-06-09 10:55:05 [ main:306 ] - [ INFO ] The following 1 profile is active: "local"
2023-06-09 10:55:05 [ main:775 ] - [ INFO ] Tomcat initialized with port(s): 9090 (http)
2023-06-09 10:55:05 [ main:778 ] - [ INFO ] Initializing ProtocolHandler ["http-nio-127.0.0.1-9090"]
2023-06-09 10:55:05 [ main:778 ] - [ INFO ] Starting service [Tomcat]
2023-06-09 10:55:05 [ main:778 ] - [ INFO ] Starting Servlet engine: [Apache Tomcat/9.0.75]
2023-06-09 10:55:05 [ main:815 ] - [ INFO ] Initializing Spring embedded WebApplicationContext
2023-06-09 10:55:05 [ main:815 ] - [ INFO ] Root WebApplicationContext: initialization completed in 487 ms
2023-06-09 10:55:05 [ main:1021 ] - [ INFO ] 读取配置文件,初始化Redis连接池参数
2023-06-09 10:55:06 [ main:1920 ] - [ INFO ] 读取配置文件,初始化所有ModBus客户端和服务端
2023-06-09 10:55:07 [ main:2416 ] - [ INFO ] Starting ProtocolHandler ["http-nio-127.0.0.1-9090"]
2023-06-09 10:55:07 [ main:2429 ] - [ INFO ] Tomcat started on port(s): 9090 (http) with context path ''
2023-06-09 10:55:07 [ main:2435 ] - [ INFO ] Started HnScreenApplication in 2.366 seconds (JVM running for 2.634)
2023-06-09 10:55:07 [ pool-3-thread-1:2592 ] - [ INFO ] ModBus:Fan服务已启动 端口为:503
2023-06-09 10:55:07 [ pool-3-thread-2:2592 ] - [ INFO ] ModBus:Pro服务已启动 端口为:502
2023-06-09 10:55:08 [ nioEventLoopGroup-3-1:3122 ] - [ INFO ] ModBus客户端上线
2023-06-09 10:55:08 [ pool-2-thread-1:3601 ] - [ INFO ] ModBus:Energy服务已连接 地址为:192.168.45.93 端口为:502
2023-06-09 10:55:08 [ nioEventLoopGroup-3-1:3645 ] - [ INFO ] {dataSource-1} inited
2023-06-09 10:55:09 [ nioEventLoopGroup-3-1:4427 ] - [ INFO ] 添加线圈channel:[id: 0x7f7f4e99, L:/192.168.45.145:52629 - R:/192.168.45.93:502]
2023-06-09 10:55:09 [ nioEventLoopGroup-3-1:4450 ] - [ INFO ] 监测到ModBus客户端:Energy断开连接...
2023-06-09 10:55:09 [ nioEventLoopGroup-3-1:4453 ] - [ INFO ] ModBus客户端下线
2023-06-09 10:57:31 [ SpringApplicationShutdownHook:146681 ] - [ INFO ] {dataSource-1} closing ...
2023-06-09 10:57:31 [ SpringApplicationShutdownHook:146683 ] - [ INFO ] {dataSource-1} closed
2023-06-09 10:57:33 [ main:305 ] - [ INFO ] Starting HnScreenApplication using Java 1.8.0_362 on wangjiniandeMacBook-Pro.local with PID 2306 (/Users/wangjinian/Downloads/JavaPro/hn-screen/target/classes started by wangjinian in /Users/wangjinian/Downloads/JavaPro/hn-screen)
2023-06-09 10:57:33 [ main:306 ] - [ INFO ] The following 1 profile is active: "local"
2023-06-09 10:57:34 [ main:788 ] - [ INFO ] Tomcat initialized with port(s): 9090 (http)
2023-06-09 10:57:34 [ main:791 ] - [ INFO ] Initializing ProtocolHandler ["http-nio-127.0.0.1-9090"]
2023-06-09 10:57:34 [ main:791 ] - [ INFO ] Starting service [Tomcat]
2023-06-09 10:57:34 [ main:792 ] - [ INFO ] Starting Servlet engine: [Apache Tomcat/9.0.75]
2023-06-09 10:57:34 [ main:829 ] - [ INFO ] Initializing Spring embedded WebApplicationContext
2023-06-09 10:57:34 [ main:829 ] - [ INFO ] Root WebApplicationContext: initialization completed in 500 ms
2023-06-09 10:57:34 [ main:1037 ] - [ INFO ] 读取配置文件,初始化Redis连接池参数
2023-06-09 10:57:37 [ main:3670 ] - [ INFO ] 读取配置文件,初始化所有ModBus客户端和服务端
2023-06-09 10:57:39 [ main:5710 ] - [ INFO ] Starting ProtocolHandler ["http-nio-127.0.0.1-9090"]
2023-06-09 10:57:39 [ main:5722 ] - [ INFO ] Tomcat started on port(s): 9090 (http) with context path ''
2023-06-09 10:57:39 [ main:5728 ] - [ INFO ] Started HnScreenApplication in 5.656 seconds (JVM running for 5.926)
2023-06-09 10:57:40 [ pool-3-thread-1:6988 ] - [ INFO ] ModBus:Fan服务已启动 端口为:503
2023-06-09 10:57:40 [ pool-3-thread-2:6988 ] - [ INFO ] ModBus:Pro服务已启动 端口为:502
2023-06-09 10:57:41 [ nioEventLoopGroup-4-1:7967 ] - [ INFO ] ModBus客户端上线
2023-06-09 10:57:49 [ pool-2-thread-1:16018 ] - [ INFO ] ModBus:Energy服务已连接 地址为:192.168.45.93 端口为:502
2023-06-09 10:57:53 [ nioEventLoopGroup-4-1:20136 ] - [ INFO ] {dataSource-1} inited
2023-06-09 10:58:02 [ nioEventLoopGroup-4-1:28721 ] - [ INFO ] 添加线圈channel:[id: 0x37b73c12, L:/192.168.45.145:52701 - R:/192.168.45.93:502]
2023-06-09 10:58:11 [ nioEventLoopGroup-4-1:37990 ] - [ INFO ] 监测到ModBus客户端:Energy断开连接...
2023-06-09 10:58:11 [ nioEventLoopGroup-4-1:37994 ] - [ INFO ] ModBus客户端下线
2023-06-09 11:02:05 [ SpringApplicationShutdownHook:271951 ] - [ INFO ] {dataSource-1} closing ...
2023-06-09 11:02:05 [ SpringApplicationShutdownHook:271953 ] - [ INFO ] {dataSource-1} closed
2023-06-09 11:02:13 [ main:312 ] - [ INFO ] Starting HnScreenApplication using Java 1.8.0_362 on wangjiniandeMacBook-Pro.local with PID 2360 (/Users/wangjinian/Downloads/JavaPro/hn-screen/target/classes started by wangjinian in /Users/wangjinian/Downloads/JavaPro/hn-screen)
2023-06-09 11:02:13 [ main:313 ] - [ INFO ] The following 1 profile is active: "local"
2023-06-09 11:02:13 [ main:793 ] - [ INFO ] Tomcat initialized with port(s): 9090 (http)
2023-06-09 11:02:13 [ main:797 ] - [ INFO ] Initializing ProtocolHandler ["http-nio-127.0.0.1-9090"]
2023-06-09 11:02:13 [ main:797 ] - [ INFO ] Starting service [Tomcat]
2023-06-09 11:02:13 [ main:797 ] - [ INFO ] Starting Servlet engine: [Apache Tomcat/9.0.75]
2023-06-09 11:02:13 [ main:836 ] - [ INFO ] Initializing Spring embedded WebApplicationContext
2023-06-09 11:02:13 [ main:836 ] - [ INFO ] Root WebApplicationContext: initialization completed in 499 ms
2023-06-09 11:02:13 [ main:1035 ] - [ INFO ] 读取配置文件,初始化Redis连接池参数
2023-06-09 11:02:15 [ main:2681 ] - [ INFO ] 读取配置文件,初始化所有ModBus客户端和服务端
2023-06-09 11:02:16 [ main:3540 ] - [ INFO ] Starting ProtocolHandler ["http-nio-127.0.0.1-9090"]
2023-06-09 11:02:16 [ main:3553 ] - [ INFO ] Tomcat started on port(s): 9090 (http) with context path ''
2023-06-09 11:02:16 [ main:3558 ] - [ INFO ] Started HnScreenApplication in 3.486 seconds (JVM running for 3.754)
2023-06-09 11:02:18 [ pool-3-thread-1:5816 ] - [ INFO ] ModBus:Fan服务已启动 端口为:503
2023-06-09 11:02:18 [ pool-3-thread-2:5816 ] - [ INFO ] ModBus:Pro服务已启动 端口为:502
2023-06-09 11:02:19 [ nioEventLoopGroup-4-1:6950 ] - [ INFO ] ModBus客户端上线
2023-06-09 11:02:28 [ pool-2-thread-1:15126 ] - [ INFO ] ModBus:Energy服务已连接 地址为:192.168.45.93 端口为:502
2023-06-09 11:02:28 [ nioEventLoopGroup-4-1:15169 ] - [ INFO ] {dataSource-1} inited
2023-06-09 11:02:29 [ nioEventLoopGroup-4-1:16952 ] - [ INFO ] 添加线圈channel:[id: 0xa9cdd899, L:/192.168.45.145:52827 - R:/192.168.45.93:502]
2023-06-09 11:02:29 [ nioEventLoopGroup-4-1:16974 ] - [ INFO ] 监测到ModBus客户端:Energy断开连接...
2023-06-09 11:02:29 [ nioEventLoopGroup-4-1:16978 ] - [ INFO ] ModBus客户端下线
2023-06-09 11:02:44 [ SpringApplicationShutdownHook:31853 ] - [ INFO ] {dataSource-1} closing ...
2023-06-09 11:02:44 [ SpringApplicationShutdownHook:31856 ] - [ INFO ] {dataSource-1} closed
2023-06-09 11:02:47 [ main:311 ] - [ INFO ] Starting HnScreenApplication using Java 1.8.0_362 on wangjiniandeMacBook-Pro.local with PID 2367 (/Users/wangjinian/Downloads/JavaPro/hn-screen/target/classes started by wangjinian in /Users/wangjinian/Downloads/JavaPro/hn-screen)
2023-06-09 11:02:47 [ main:312 ] - [ INFO ] The following 1 profile is active: "local"
2023-06-09 11:02:47 [ main:784 ] - [ INFO ] Tomcat initialized with port(s): 9090 (http)
2023-06-09 11:02:47 [ main:788 ] - [ INFO ] Initializing ProtocolHandler ["http-nio-127.0.0.1-9090"]
2023-06-09 11:02:47 [ main:788 ] - [ INFO ] Starting service [Tomcat]
2023-06-09 11:02:47 [ main:788 ] - [ INFO ] Starting Servlet engine: [Apache Tomcat/9.0.75]
2023-06-09 11:02:47 [ main:825 ] - [ INFO ] Initializing Spring embedded WebApplicationContext
2023-06-09 11:02:47 [ main:826 ] - [ INFO ] Root WebApplicationContext: initialization completed in 490 ms
2023-06-09 11:02:47 [ main:1027 ] - [ INFO ] 读取配置文件,初始化Redis连接池参数
2023-06-09 11:02:49 [ main:2390 ] - [ INFO ] 读取配置文件,初始化所有ModBus客户端和服务端
2023-06-09 11:02:49 [ main:2869 ] - [ INFO ] Starting ProtocolHandler ["http-nio-127.0.0.1-9090"]
2023-06-09 11:02:49 [ main:2881 ] - [ INFO ] Tomcat started on port(s): 9090 (http) with context path ''
2023-06-09 11:02:49 [ main:2888 ] - [ INFO ] Started HnScreenApplication in 2.817 seconds (JVM running for 3.084)
2023-06-09 11:02:49 [ pool-3-thread-1:3175 ] - [ INFO ] ModBus:Fan服务已启动 端口为:503
2023-06-09 11:02:49 [ pool-3-thread-2:3175 ] - [ INFO ] ModBus:Pro服务已启动 端口为:502
2023-06-09 11:02:51 [ pool-2-thread-1:4886 ] - [ INFO ] ModBus客户端连接失败...
2023-06-09 11:02:51 [ pool-2-thread-1:4887 ] - [ INFO ] ModBus客户端:Energy连接失败...
2023-06-09 11:03:06 [ SpringApplicationShutdownHook:20174 ] - [ INFO ] {dataSource-0} closing ...
2023-06-09 11:03:09 [ main:311 ] - [ INFO ] Starting HnScreenApplication using Java 1.8.0_362 on wangjiniandeMacBook-Pro.local with PID 2375 (/Users/wangjinian/Downloads/JavaPro/hn-screen/target/classes started by wangjinian in /Users/wangjinian/Downloads/JavaPro/hn-screen)
2023-06-09 11:03:09 [ main:312 ] - [ INFO ] The following 1 profile is active: "local"
2023-06-09 11:03:09 [ main:795 ] - [ INFO ] Tomcat initialized with port(s): 9090 (http)
2023-06-09 11:03:09 [ main:799 ] - [ INFO ] Initializing ProtocolHandler ["http-nio-127.0.0.1-9090"]
2023-06-09 11:03:09 [ main:799 ] - [ INFO ] Starting service [Tomcat]
2023-06-09 11:03:09 [ main:800 ] - [ INFO ] Starting Servlet engine: [Apache Tomcat/9.0.75]
2023-06-09 11:03:09 [ main:841 ] - [ INFO ] Initializing Spring embedded WebApplicationContext
2023-06-09 11:03:09 [ main:841 ] - [ INFO ] Root WebApplicationContext: initialization completed in 506 ms
2023-06-09 11:03:09 [ main:1042 ] - [ INFO ] 读取配置文件,初始化Redis连接池参数
2023-06-09 11:03:10 [ main:1931 ] - [ INFO ] 读取配置文件,初始化所有ModBus客户端和服务端
2023-06-09 11:03:11 [ main:2876 ] - [ INFO ] Starting ProtocolHandler ["http-nio-127.0.0.1-9090"]
2023-06-09 11:03:11 [ main:2889 ] - [ INFO ] Tomcat started on port(s): 9090 (http) with context path ''
2023-06-09 11:03:11 [ main:2894 ] - [ INFO ] Started HnScreenApplication in 2.82 seconds (JVM running for 3.087)
2023-06-09 11:03:12 [ pool-3-thread-1:3441 ] - [ INFO ] ModBus:Fan服务已启动 端口为:503
2023-06-09 11:03:12 [ pool-3-thread-2:3441 ] - [ INFO ] ModBus:Pro服务已启动 端口为:502
2023-06-09 11:03:13 [ pool-2-thread-1:5154 ] - [ INFO ] ModBus客户端连接失败...
2023-06-09 11:03:13 [ pool-2-thread-1:5154 ] - [ INFO ] ModBus客户端:Energy连接失败...
2023-06-09 11:04:15 [ SpringApplicationShutdownHook:66341 ] - [ INFO ] {dataSource-0} closing ...
2023-06-09 11:11:05 [ main:314 ] - [ INFO ] Starting HnScreenApplication using Java 1.8.0_362 on wangjiniandeMacBook-Pro.local with PID 2538 (/Users/wangjinian/Downloads/JavaPro/hn-screen/target/classes started by wangjinian in /Users/wangjinian/Downloads/JavaPro/hn-screen)
2023-06-09 11:11:05 [ main:315 ] - [ INFO ] The following 1 profile is active: "local"
2023-06-09 11:11:06 [ main:813 ] - [ INFO ] Tomcat initialized with port(s): 9090 (http)
2023-06-09 11:11:06 [ main:817 ] - [ INFO ] Initializing ProtocolHandler ["http-nio-127.0.0.1-9090"]
2023-06-09 11:11:06 [ main:817 ] - [ INFO ] Starting service [Tomcat]
2023-06-09 11:11:06 [ main:817 ] - [ INFO ] Starting Servlet engine: [Apache Tomcat/9.0.75]
2023-06-09 11:11:06 [ main:859 ] - [ INFO ] Initializing Spring embedded WebApplicationContext
2023-06-09 11:11:06 [ main:859 ] - [ INFO ] Root WebApplicationContext: initialization completed in 521 ms
2023-06-09 11:11:06 [ main:1066 ] - [ INFO ] 读取配置文件,初始化Redis连接池参数
2023-06-09 11:11:08 [ main:2620 ] - [ INFO ] 读取配置文件,初始化所有ModBus客户端和服务端
2023-06-09 11:11:09 [ main:3759 ] - [ INFO ] Starting ProtocolHandler ["http-nio-127.0.0.1-9090"]
2023-06-09 11:11:09 [ main:3771 ] - [ INFO ] Tomcat started on port(s): 9090 (http) with context path ''
2023-06-09 11:11:09 [ main:3777 ] - [ INFO ] Started HnScreenApplication in 3.699 seconds (JVM running for 3.999)
2023-06-09 11:11:09 [ pool-3-thread-2:4279 ] - [ INFO ] ModBus:Pro服务已启动 端口为:502
2023-06-09 11:11:09 [ pool-3-thread-1:4279 ] - [ INFO ] ModBus:Fan服务已启动 端口为:503
2023-06-09 11:11:10 [ nioEventLoopGroup-2-1:5230 ] - [ INFO ] ModBus客户端上线
2023-06-09 11:11:13 [ pool-2-thread-1:7690 ] - [ INFO ] ModBus:Energy服务已连接 地址为:192.168.45.93 端口为:502
2023-06-09 11:11:13 [ nioEventLoopGroup-2-1:7731 ] - [ INFO ] {dataSource-1} inited
2023-06-09 11:11:14 [ nioEventLoopGroup-2-1:9475 ] - [ INFO ] 添加线圈channel:[id: 0x948f0403, L:/192.168.45.145:53132 - R:/192.168.45.93:502]
2023-06-09 11:11:14 [ nioEventLoopGroup-2-1:9497 ] - [ INFO ] 监测到ModBus客户端:Energy断开连接...
2023-06-09 11:11:14 [ nioEventLoopGroup-2-1:9500 ] - [ INFO ] ModBus客户端下线
2023-06-09 13:35:38 [ RMI TCP Accept-0:8673033 ] - [ WARN ] RMI TCP Accept-0: accept loop for ServerSocket[addr=0.0.0.0/0.0.0.0,localport=53124] throws
java.io.IOException: The server sockets created using the LocalRMIServerSocketFactory only accept connections from clients running on the host where the RMI remote objects have been exported.
	at sun.management.jmxremote.LocalRMIServerSocketFactory$1.accept(LocalRMIServerSocketFactory.java:114)
	at sun.rmi.transport.tcp.TCPTransport$AcceptLoop.executeAcceptLoop(TCPTransport.java:405)
	at sun.rmi.transport.tcp.TCPTransport$AcceptLoop.run(TCPTransport.java:377)
	at java.lang.Thread.run(Thread.java:750)
2023-06-09 13:35:38 [ RMI TCP Accept-0:8673034 ] - [ WARN ] RMI TCP Accept-0: accept loop for ServerSocket[addr=0.0.0.0/0.0.0.0,localport=53124] throws
java.io.IOException: The server sockets created using the LocalRMIServerSocketFactory only accept connections from clients running on the host where the RMI remote objects have been exported.
	at sun.management.jmxremote.LocalRMIServerSocketFactory$1.accept(LocalRMIServerSocketFactory.java:114)
	at sun.rmi.transport.tcp.TCPTransport$AcceptLoop.executeAcceptLoop(TCPTransport.java:405)
	at sun.rmi.transport.tcp.TCPTransport$AcceptLoop.run(TCPTransport.java:377)
	at java.lang.Thread.run(Thread.java:750)
2023-06-09 13:35:38 [ RMI TCP Accept-0:8673035 ] - [ WARN ] RMI TCP Accept-0: accept loop for ServerSocket[addr=0.0.0.0/0.0.0.0,localport=53124] throws
java.io.IOException: The server sockets created using the LocalRMIServerSocketFactory only accept connections from clients running on the host where the RMI remote objects have been exported.
	at sun.management.jmxremote.LocalRMIServerSocketFactory$1.accept(LocalRMIServerSocketFactory.java:114)
	at sun.rmi.transport.tcp.TCPTransport$AcceptLoop.executeAcceptLoop(TCPTransport.java:405)
	at sun.rmi.transport.tcp.TCPTransport$AcceptLoop.run(TCPTransport.java:377)
	at java.lang.Thread.run(Thread.java:750)
2023-06-09 13:35:38 [ RMI TCP Accept-0:8673036 ] - [ WARN ] RMI TCP Accept-0: accept loop for ServerSocket[addr=0.0.0.0/0.0.0.0,localport=53124] throws
java.io.IOException: The server sockets created using the LocalRMIServerSocketFactory only accept connections from clients running on the host where the RMI remote objects have been exported.
	at sun.management.jmxremote.LocalRMIServerSocketFactory$1.accept(LocalRMIServerSocketFactory.java:114)
	at sun.rmi.transport.tcp.TCPTransport$AcceptLoop.executeAcceptLoop(TCPTransport.java:405)
	at sun.rmi.transport.tcp.TCPTransport$AcceptLoop.run(TCPTransport.java:377)
	at java.lang.Thread.run(Thread.java:750)
2023-06-09 13:35:38 [ RMI TCP Accept-0:8673037 ] - [ WARN ] RMI TCP Accept-0: accept loop for ServerSocket[addr=0.0.0.0/0.0.0.0,localport=53124] throws
java.io.IOException: The server sockets created using the LocalRMIServerSocketFactory only accept connections from clients running on the host where the RMI remote objects have been exported.
	at sun.management.jmxremote.LocalRMIServerSocketFactory$1.accept(LocalRMIServerSocketFactory.java:114)
	at sun.rmi.transport.tcp.TCPTransport$AcceptLoop.executeAcceptLoop(TCPTransport.java:405)
	at sun.rmi.transport.tcp.TCPTransport$AcceptLoop.run(TCPTransport.java:377)
	at java.lang.Thread.run(Thread.java:750)
2023-06-09 13:35:38 [ RMI TCP Accept-0:8673037 ] - [ WARN ] RMI TCP Accept-0: accept loop for ServerSocket[addr=0.0.0.0/0.0.0.0,localport=53124] throws
java.io.IOException: The server sockets created using the LocalRMIServerSocketFactory only accept connections from clients running on the host where the RMI remote objects have been exported.
	at sun.management.jmxremote.LocalRMIServerSocketFactory$1.accept(LocalRMIServerSocketFactory.java:114)
	at sun.rmi.transport.tcp.TCPTransport$AcceptLoop.executeAcceptLoop(TCPTransport.java:405)
	at sun.rmi.transport.tcp.TCPTransport$AcceptLoop.run(TCPTransport.java:377)
	at java.lang.Thread.run(Thread.java:750)
2023-06-09 13:35:38 [ RMI TCP Accept-0:8673038 ] - [ WARN ] RMI TCP Accept-0: accept loop for ServerSocket[addr=0.0.0.0/0.0.0.0,localport=53124] throws
java.io.IOException: The server sockets created using the LocalRMIServerSocketFactory only accept connections from clients running on the host where the RMI remote objects have been exported.
	at sun.management.jmxremote.LocalRMIServerSocketFactory$1.accept(LocalRMIServerSocketFactory.java:114)
	at sun.rmi.transport.tcp.TCPTransport$AcceptLoop.executeAcceptLoop(TCPTransport.java:405)
	at sun.rmi.transport.tcp.TCPTransport$AcceptLoop.run(TCPTransport.java:377)
	at java.lang.Thread.run(Thread.java:750)
2023-06-09 13:35:38 [ SpringApplicationShutdownHook:8673063 ] - [ INFO ] {dataSource-1} closing ...
2023-06-09 13:35:38 [ SpringApplicationShutdownHook:8673064 ] - [ INFO ] {dataSource-1} closed
2023-06-09 21:43:14 [ main:340 ] - [ INFO ] Starting HnScreenApplication using Java 1.8.0_362 on wangjiniandeMacBook-Pro.local with PID 7279 (/Users/wangjinian/Downloads/JavaPro/hn-screen/target/classes started by wangjinian in /Users/wangjinian/Downloads/JavaPro/hn-screen)
2023-06-09 21:43:14 [ main:342 ] - [ INFO ] The following 1 profile is active: "local"
2023-06-09 21:43:15 [ main:906 ] - [ INFO ] Tomcat initialized with port(s): 9090 (http)
2023-06-09 21:43:15 [ main:911 ] - [ INFO ] Initializing ProtocolHandler ["http-nio-127.0.0.1-9090"]
2023-06-09 21:43:15 [ main:912 ] - [ INFO ] Starting service [Tomcat]
2023-06-09 21:43:15 [ main:912 ] - [ INFO ] Starting Servlet engine: [Apache Tomcat/9.0.75]
2023-06-09 21:43:15 [ main:966 ] - [ INFO ] Initializing Spring embedded WebApplicationContext
2023-06-09 21:43:15 [ main:966 ] - [ INFO ] Root WebApplicationContext: initialization completed in 597 ms
2023-06-09 21:43:15 [ main:1195 ] - [ INFO ] 读取配置文件,初始化Redis连接池参数
2023-06-09 21:43:15 [ main:1216 ] - [ WARN ] Exception encountered during context initialization - cancelling refresh attempt: org.springframework.beans.factory.UnsatisfiedDependencyException: Error creating bean with name 'pointMapping': Unsatisfied dependency expressed through method 'setRedisClient' parameter 0; nested exception is org.springframework.beans.factory.BeanCreationException: Error creating bean with name 'redisClient' defined in file [/Users/wangjinian/Downloads/JavaPro/hn-screen/target/classes/com/ntdq/hnscreen/redis/RedisClient.class]: Instantiation of bean failed; nested exception is org.springframework.beans.BeanInstantiationException: Failed to instantiate [com.ntdq.hnscreen.redis.RedisClient]: Constructor threw exception; nested exception is redis.clients.jedis.exceptions.JedisConnectionException: Could not get a resource from the pool
2023-06-09 21:43:15 [ main:1216 ] - [ INFO ] {dataSource-0} closing ...
2023-06-09 21:43:15 [ main:1217 ] - [ INFO ] Stopping service [Tomcat]
2023-06-09 21:43:15 [ main:1228 ] - [ INFO ] 

Error starting ApplicationContext. To display the conditions report re-run your application with 'debug' enabled.
2023-06-09 21:43:36 [ main:329 ] - [ INFO ] Starting HnScreenApplication using Java 1.8.0_362 on wangjiniandeMacBook-Pro.local with PID 7307 (/Users/wangjinian/Downloads/JavaPro/hn-screen/target/classes started by wangjinian in /Users/wangjinian/Downloads/JavaPro/hn-screen)
2023-06-09 21:43:36 [ main:331 ] - [ INFO ] The following 1 profile is active: "local"
2023-06-09 21:43:37 [ main:850 ] - [ INFO ] Tomcat initialized with port(s): 9090 (http)
2023-06-09 21:43:37 [ main:853 ] - [ INFO ] Initializing ProtocolHandler ["http-nio-127.0.0.1-9090"]
2023-06-09 21:43:37 [ main:854 ] - [ INFO ] Starting service [Tomcat]
2023-06-09 21:43:37 [ main:854 ] - [ INFO ] Starting Servlet engine: [Apache Tomcat/9.0.75]
2023-06-09 21:43:37 [ main:898 ] - [ INFO ] Initializing Spring embedded WebApplicationContext
2023-06-09 21:43:37 [ main:898 ] - [ INFO ] Root WebApplicationContext: initialization completed in 541 ms
2023-06-09 21:43:37 [ main:1109 ] - [ INFO ] 读取配置文件,初始化Redis连接池参数
2023-06-09 21:43:37 [ main:1133 ] - [ INFO ] 读取配置文件,初始化所有ModBus客户端和服务端
2023-06-09 21:43:44 [ main:7945 ] - [ INFO ] 读取配置文件,初始化所有ModBus串口
2023-06-09 21:44:01 [ main:25506 ] - [ INFO ] Tomcat started on port(s): 9090 (http) with context path ''
2023-06-09 21:44:01 [ main:25512 ] - [ INFO ] Started HnScreenApplication in 25.436 seconds (JVM running for 25.721)
2023-06-09 21:44:01 [ SpringApplicationShutdownHook:25527 ] - [ INFO ] {dataSource-0} closing ...
2023-06-09 21:48:24 [ main:321 ] - [ INFO ] Starting HnScreenApplication using Java 1.8.0_362 on wangjiniandeMacBook-Pro.local with PID 7368 (/Users/wangjinian/Downloads/JavaPro/hn-screen/target/classes started by wangjinian in /Users/wangjinian/Downloads/JavaPro/hn-screen)
2023-06-09 21:48:24 [ main:323 ] - [ INFO ] The following 1 profile is active: "local"
2023-06-09 21:48:25 [ main:842 ] - [ INFO ] Tomcat initialized with port(s): 9090 (http)
2023-06-09 21:48:25 [ main:846 ] - [ INFO ] Initializing ProtocolHandler ["http-nio-127.0.0.1-9090"]
2023-06-09 21:48:25 [ main:847 ] - [ INFO ] Starting service [Tomcat]
2023-06-09 21:48:25 [ main:847 ] - [ INFO ] Starting Servlet engine: [Apache Tomcat/9.0.75]
2023-06-09 21:48:25 [ main:887 ] - [ INFO ] Initializing Spring embedded WebApplicationContext
2023-06-09 21:48:25 [ main:887 ] - [ INFO ] Root WebApplicationContext: initialization completed in 539 ms
2023-06-09 21:48:25 [ main:1100 ] - [ INFO ] 读取配置文件,初始化Redis连接池参数
2023-06-09 21:48:25 [ main:1123 ] - [ INFO ] 读取配置文件,初始化所有ModBus客户端和服务端
2023-06-09 21:48:29 [ main:4936 ] - [ INFO ] 读取配置文件,初始化所有ModBus串口
2023-06-09 21:48:37 [ main:13186 ] - [ INFO ] Starting ProtocolHandler ["http-nio-127.0.0.1-9090"]
2023-06-09 21:48:37 [ main:13201 ] - [ INFO ] Tomcat started on port(s): 9090 (http) with context path ''
2023-06-09 21:48:37 [ main:13206 ] - [ INFO ] Started HnScreenApplication in 13.131 seconds (JVM running for 13.412)
2023-06-09 23:14:20 [ RMI TCP Accept-0:5155674 ] - [ WARN ] RMI TCP Accept-0: accept loop for ServerSocket[addr=0.0.0.0/0.0.0.0,localport=49732] throws
java.io.IOException: The server sockets created using the LocalRMIServerSocketFactory only accept connections from clients running on the host where the RMI remote objects have been exported.
	at sun.management.jmxremote.LocalRMIServerSocketFactory$1.accept(LocalRMIServerSocketFactory.java:114)
	at sun.rmi.transport.tcp.TCPTransport$AcceptLoop.executeAcceptLoop(TCPTransport.java:405)
	at sun.rmi.transport.tcp.TCPTransport$AcceptLoop.run(TCPTransport.java:377)
	at java.lang.Thread.run(Thread.java:750)
2023-06-09 23:14:20 [ RMI TCP Accept-0:5155676 ] - [ WARN ] RMI TCP Accept-0: accept loop for ServerSocket[addr=0.0.0.0/0.0.0.0,localport=49732] throws
java.io.IOException: The server sockets created using the LocalRMIServerSocketFactory only accept connections from clients running on the host where the RMI remote objects have been exported.
	at sun.management.jmxremote.LocalRMIServerSocketFactory$1.accept(LocalRMIServerSocketFactory.java:114)
	at sun.rmi.transport.tcp.TCPTransport$AcceptLoop.executeAcceptLoop(TCPTransport.java:405)
	at sun.rmi.transport.tcp.TCPTransport$AcceptLoop.run(TCPTransport.java:377)
	at java.lang.Thread.run(Thread.java:750)
2023-06-09 23:14:20 [ RMI TCP Accept-0:5155677 ] - [ WARN ] RMI TCP Accept-0: accept loop for ServerSocket[addr=0.0.0.0/0.0.0.0,localport=49732] throws
java.io.IOException: The server sockets created using the LocalRMIServerSocketFactory only accept connections from clients running on the host where the RMI remote objects have been exported.
	at sun.management.jmxremote.LocalRMIServerSocketFactory$1.accept(LocalRMIServerSocketFactory.java:114)
	at sun.rmi.transport.tcp.TCPTransport$AcceptLoop.executeAcceptLoop(TCPTransport.java:405)
	at sun.rmi.transport.tcp.TCPTransport$AcceptLoop.run(TCPTransport.java:377)
	at java.lang.Thread.run(Thread.java:750)
2023-06-09 23:14:20 [ RMI TCP Accept-0:5155678 ] - [ WARN ] RMI TCP Accept-0: accept loop for ServerSocket[addr=0.0.0.0/0.0.0.0,localport=49732] throws
java.io.IOException: The server sockets created using the LocalRMIServerSocketFactory only accept connections from clients running on the host where the RMI remote objects have been exported.
	at sun.management.jmxremote.LocalRMIServerSocketFactory$1.accept(LocalRMIServerSocketFactory.java:114)
	at sun.rmi.transport.tcp.TCPTransport$AcceptLoop.executeAcceptLoop(TCPTransport.java:405)
	at sun.rmi.transport.tcp.TCPTransport$AcceptLoop.run(TCPTransport.java:377)
	at java.lang.Thread.run(Thread.java:750)
2023-06-09 23:14:20 [ RMI TCP Accept-0:5155679 ] - [ WARN ] RMI TCP Accept-0: accept loop for ServerSocket[addr=0.0.0.0/0.0.0.0,localport=49732] throws
java.io.IOException: The server sockets created using the LocalRMIServerSocketFactory only accept connections from clients running on the host where the RMI remote objects have been exported.
	at sun.management.jmxremote.LocalRMIServerSocketFactory$1.accept(LocalRMIServerSocketFactory.java:114)
	at sun.rmi.transport.tcp.TCPTransport$AcceptLoop.executeAcceptLoop(TCPTransport.java:405)
	at sun.rmi.transport.tcp.TCPTransport$AcceptLoop.run(TCPTransport.java:377)
	at java.lang.Thread.run(Thread.java:750)
2023-06-09 23:14:20 [ RMI TCP Accept-0:5155680 ] - [ WARN ] RMI TCP Accept-0: accept loop for ServerSocket[addr=0.0.0.0/0.0.0.0,localport=49732] throws
java.io.IOException: The server sockets created using the LocalRMIServerSocketFactory only accept connections from clients running on the host where the RMI remote objects have been exported.
	at sun.management.jmxremote.LocalRMIServerSocketFactory$1.accept(LocalRMIServerSocketFactory.java:114)
	at sun.rmi.transport.tcp.TCPTransport$AcceptLoop.executeAcceptLoop(TCPTransport.java:405)
	at sun.rmi.transport.tcp.TCPTransport$AcceptLoop.run(TCPTransport.java:377)
	at java.lang.Thread.run(Thread.java:750)
2023-06-09 23:14:20 [ RMI TCP Accept-0:5155681 ] - [ WARN ] RMI TCP Accept-0: accept loop for ServerSocket[addr=0.0.0.0/0.0.0.0,localport=49732] throws
java.io.IOException: The server sockets created using the LocalRMIServerSocketFactory only accept connections from clients running on the host where the RMI remote objects have been exported.
	at sun.management.jmxremote.LocalRMIServerSocketFactory$1.accept(LocalRMIServerSocketFactory.java:114)
	at sun.rmi.transport.tcp.TCPTransport$AcceptLoop.executeAcceptLoop(TCPTransport.java:405)
	at sun.rmi.transport.tcp.TCPTransport$AcceptLoop.run(TCPTransport.java:377)
	at java.lang.Thread.run(Thread.java:750)
2023-06-09 23:14:20 [ RMI TCP Accept-0:5155682 ] - [ WARN ] RMI TCP Accept-0: accept loop for ServerSocket[addr=0.0.0.0/0.0.0.0,localport=49732] throws
java.io.IOException: The server sockets created using the LocalRMIServerSocketFactory only accept connections from clients running on the host where the RMI remote objects have been exported.
	at sun.management.jmxremote.LocalRMIServerSocketFactory$1.accept(LocalRMIServerSocketFactory.java:114)
	at sun.rmi.transport.tcp.TCPTransport$AcceptLoop.executeAcceptLoop(TCPTransport.java:405)
	at sun.rmi.transport.tcp.TCPTransport$AcceptLoop.run(TCPTransport.java:377)
	at java.lang.Thread.run(Thread.java:750)
2023-06-09 23:14:20 [ RMI TCP Accept-0:5155683 ] - [ WARN ] RMI TCP Accept-0: accept loop for ServerSocket[addr=0.0.0.0/0.0.0.0,localport=49732] throws
java.io.IOException: The server sockets created using the LocalRMIServerSocketFactory only accept connections from clients running on the host where the RMI remote objects have been exported.
	at sun.management.jmxremote.LocalRMIServerSocketFactory$1.accept(LocalRMIServerSocketFactory.java:114)
	at sun.rmi.transport.tcp.TCPTransport$AcceptLoop.executeAcceptLoop(TCPTransport.java:405)
	at sun.rmi.transport.tcp.TCPTransport$AcceptLoop.run(TCPTransport.java:377)
	at java.lang.Thread.run(Thread.java:750)
2023-06-09 23:14:20 [ SpringApplicationShutdownHook:5155723 ] - [ INFO ] {dataSource-0} closing ...
2023-06-09 23:45:29 [ main:340 ] - [ INFO ] Starting HnScreenApplication using Java 1.8.0_362 on wangjiniandeMacBook-Pro.local with PID 6853 (/Users/wangjinian/Downloads/JavaPro/hn-screen/target/classes started by wangjinian in /Users/wangjinian/Downloads/JavaPro/hn-screen)
2023-06-09 23:45:29 [ main:342 ] - [ INFO ] The following 1 profile is active: "local"
2023-06-09 23:45:30 [ main:935 ] - [ INFO ] Tomcat initialized with port(s): 9090 (http)
2023-06-09 23:45:30 [ main:940 ] - [ INFO ] Initializing ProtocolHandler ["http-nio-127.0.0.1-9090"]
2023-06-09 23:45:30 [ main:940 ] - [ INFO ] Starting service [Tomcat]
2023-06-09 23:45:30 [ main:940 ] - [ INFO ] Starting Servlet engine: [Apache Tomcat/9.0.75]
2023-06-09 23:45:30 [ main:988 ] - [ INFO ] Initializing Spring embedded WebApplicationContext
2023-06-09 23:45:30 [ main:988 ] - [ INFO ] Root WebApplicationContext: initialization completed in 620 ms
2023-06-09 23:45:30 [ main:1225 ] - [ INFO ] 读取配置文件,初始化Redis连接池参数
2023-06-09 23:45:30 [ main:1245 ] - [ WARN ] Exception encountered during context initialization - cancelling refresh attempt: org.springframework.beans.factory.UnsatisfiedDependencyException: Error creating bean with name 'pointMapping': Unsatisfied dependency expressed through method 'setRedisClient' parameter 0; nested exception is org.springframework.beans.factory.BeanCreationException: Error creating bean with name 'redisClient' defined in file [/Users/wangjinian/Downloads/JavaPro/hn-screen/target/classes/com/ntdq/hnscreen/redis/RedisClient.class]: Instantiation of bean failed; nested exception is org.springframework.beans.BeanInstantiationException: Failed to instantiate [com.ntdq.hnscreen.redis.RedisClient]: Constructor threw exception; nested exception is redis.clients.jedis.exceptions.JedisConnectionException: Could not get a resource from the pool
2023-06-09 23:45:30 [ main:1245 ] - [ INFO ] {dataSource-0} closing ...
2023-06-09 23:45:30 [ main:1247 ] - [ INFO ] Stopping service [Tomcat]
2023-06-09 23:45:30 [ main:1257 ] - [ INFO ] 

Error starting ApplicationContext. To display the conditions report re-run your application with 'debug' enabled.
2023-06-09 23:46:08 [ main:356 ] - [ INFO ] Starting HnScreenApplication using Java 1.8.0_362 on wangjiniandeMacBook-Pro.local with PID 6887 (/Users/wangjinian/Downloads/JavaPro/hn-screen/target/classes started by wangjinian in /Users/wangjinian/Downloads/JavaPro/hn-screen)
2023-06-09 23:46:08 [ main:358 ] - [ INFO ] The following 1 profile is active: "local"
2023-06-09 23:46:08 [ main:899 ] - [ INFO ] Tomcat initialized with port(s): 9090 (http)
2023-06-09 23:46:08 [ main:903 ] - [ INFO ] Initializing ProtocolHandler ["http-nio-127.0.0.1-9090"]
2023-06-09 23:46:08 [ main:903 ] - [ INFO ] Starting service [Tomcat]
2023-06-09 23:46:08 [ main:903 ] - [ INFO ] Starting Servlet engine: [Apache Tomcat/9.0.75]
2023-06-09 23:46:08 [ main:952 ] - [ INFO ] Initializing Spring embedded WebApplicationContext
2023-06-09 23:46:08 [ main:953 ] - [ INFO ] Root WebApplicationContext: initialization completed in 568 ms
2023-06-09 23:46:08 [ main:1164 ] - [ INFO ] 读取配置文件,初始化Redis连接池参数
2023-06-09 23:46:08 [ main:1191 ] - [ INFO ] 读取配置文件,初始化所有ModBus客户端和服务端
2023-06-09 23:46:08 [ main:1191 ] - [ INFO ] 读取配置文件,初始化所有ModBus串口
2023-06-09 23:46:09 [ main:1375 ] - [ INFO ] Starting ProtocolHandler ["http-nio-127.0.0.1-9090"]
2023-06-09 23:46:09 [ main:1389 ] - [ INFO ] Tomcat started on port(s): 9090 (http) with context path ''
2023-06-09 23:46:09 [ main:1395 ] - [ INFO ] Started HnScreenApplication in 1.304 seconds (JVM running for 1.633)
2023-06-09 23:46:19 [ main:12156 ] - [ INFO ] 

Error starting ApplicationContext. To display the conditions report re-run your application with 'debug' enabled.
2023-06-09 23:46:19 [ main:12183 ] - [ INFO ] {dataSource-0} closing ...
2023-06-09 23:46:56 [ main:330 ] - [ INFO ] Starting HnScreenApplication using Java 1.8.0_362 on wangjiniandeMacBook-Pro.local with PID 6898 (/Users/wangjinian/Downloads/JavaPro/hn-screen/target/classes started by wangjinian in /Users/wangjinian/Downloads/JavaPro/hn-screen)
2023-06-09 23:46:56 [ main:332 ] - [ INFO ] The following 1 profile is active: "local"
2023-06-09 23:46:57 [ main:853 ] - [ INFO ] Tomcat initialized with port(s): 9090 (http)
2023-06-09 23:46:57 [ main:856 ] - [ INFO ] Initializing ProtocolHandler ["http-nio-127.0.0.1-9090"]
2023-06-09 23:46:57 [ main:857 ] - [ INFO ] Starting service [Tomcat]
2023-06-09 23:46:57 [ main:857 ] - [ INFO ] Starting Servlet engine: [Apache Tomcat/9.0.75]
2023-06-09 23:46:57 [ main:898 ] - [ INFO ] Initializing Spring embedded WebApplicationContext
2023-06-09 23:46:57 [ main:898 ] - [ INFO ] Root WebApplicationContext: initialization completed in 540 ms
2023-06-09 23:46:57 [ main:1099 ] - [ INFO ] 读取配置文件,初始化Redis连接池参数
2023-06-09 23:46:57 [ main:1123 ] - [ INFO ] 读取配置文件,初始化所有ModBus客户端和服务端
2023-06-09 23:46:57 [ main:1124 ] - [ INFO ] 读取配置文件,初始化所有ModBus串口
2023-06-09 23:46:57 [ main:1303 ] - [ INFO ] Starting ProtocolHandler ["http-nio-127.0.0.1-9090"]
2023-06-09 23:46:57 [ main:1316 ] - [ INFO ] Tomcat started on port(s): 9090 (http) with context path ''
2023-06-09 23:46:57 [ main:1322 ] - [ INFO ] Started HnScreenApplication in 1.244 seconds (JVM running for 1.532)
2023-06-09 23:51:40 [ main:284117 ] - [ INFO ] 

Error starting ApplicationContext. To display the conditions report re-run your application with 'debug' enabled.
2023-06-09 23:51:40 [ main:284148 ] - [ INFO ] {dataSource-0} closing ...
2023-06-09 23:51:50 [ main:334 ] - [ INFO ] Starting HnScreenApplication using Java 1.8.0_362 on wangjiniandeMacBook-Pro.local with PID 6971 (/Users/wangjinian/Downloads/JavaPro/hn-screen/target/classes started by wangjinian in /Users/wangjinian/Downloads/JavaPro/hn-screen)
2023-06-09 23:51:50 [ main:336 ] - [ INFO ] The following 1 profile is active: "local"
2023-06-09 23:51:50 [ main:861 ] - [ INFO ] Tomcat initialized with port(s): 9090 (http)
2023-06-09 23:51:50 [ main:865 ] - [ INFO ] Initializing ProtocolHandler ["http-nio-127.0.0.1-9090"]
2023-06-09 23:51:50 [ main:865 ] - [ INFO ] Starting service [Tomcat]
2023-06-09 23:51:50 [ main:865 ] - [ INFO ] Starting Servlet engine: [Apache Tomcat/9.0.75]
2023-06-09 23:51:51 [ main:910 ] - [ INFO ] Initializing Spring embedded WebApplicationContext
2023-06-09 23:51:51 [ main:910 ] - [ INFO ] Root WebApplicationContext: initialization completed in 550 ms
2023-06-09 23:51:51 [ main:1122 ] - [ INFO ] 读取配置文件,初始化Redis连接池参数
2023-06-09 23:51:51 [ main:1146 ] - [ INFO ] 读取配置文件,初始化所有ModBus客户端和服务端
2023-06-09 23:51:51 [ main:1146 ] - [ INFO ] 读取配置文件,初始化所有ModBus串口
2023-06-09 23:51:51 [ main:1323 ] - [ INFO ] Starting ProtocolHandler ["http-nio-127.0.0.1-9090"]
2023-06-09 23:51:51 [ main:1337 ] - [ INFO ] Tomcat started on port(s): 9090 (http) with context path ''
2023-06-09 23:51:51 [ main:1343 ] - [ INFO ] Started HnScreenApplication in 1.266 seconds (JVM running for 1.554)
2023-06-09 23:51:59 [ main:8905 ] - [ INFO ] 

Error starting ApplicationContext. To display the conditions report re-run your application with 'debug' enabled.
2023-06-09 23:51:59 [ main:8931 ] - [ INFO ] {dataSource-0} closing ...
